<?xml version="1.0" encoding="UTF-8"?>
<coverage generated="1775153293746" clover="3.2.0">
  <project timestamp="1775153293746" name="All files">
    <metrics statements="547" coveredstatements="516" conditionals="252" coveredconditionals="206" methods="100" coveredmethods="89" elements="899" coveredelements="811" complexity="0" loc="547" ncloc="547" packages="8" files="26" classes="26"/>
    <package name="buffers">
      <metrics statements="32" coveredstatements="32" conditionals="6" coveredconditionals="6" methods="19" coveredmethods="19"/>
      <file name="IndirectBuffer.ts" path="/Users/alexandrebriere/Documents/Webgl/WebGlDemo/src/webgpu/engine/buffers/IndirectBuffer.ts">
        <metrics statements="7" coveredstatements="7" conditionals="0" coveredconditionals="0" methods="4" coveredmethods="4"/>
        <line num="15" count="1" type="stmt"/>
        <line num="18" count="6" type="stmt"/>
        <line num="19" count="6" type="stmt"/>
        <line num="25" count="6" type="stmt"/>
        <line num="29" count="2" type="stmt"/>
        <line num="37" count="1" type="stmt"/>
        <line num="41" count="1" type="stmt"/>
      </file>
      <file name="StorageBuffer.ts" path="/Users/alexandrebriere/Documents/Webgl/WebGlDemo/src/webgpu/engine/buffers/StorageBuffer.ts">
        <metrics statements="6" coveredstatements="6" conditionals="1" coveredconditionals="1" methods="5" coveredmethods="5"/>
        <line num="6" count="7" type="stmt"/>
        <line num="7" count="7" type="stmt"/>
        <line num="15" count="2" type="stmt"/>
        <line num="19" count="1" type="stmt"/>
        <line num="23" count="2" type="stmt"/>
        <line num="27" count="1" type="stmt"/>
      </file>
      <file name="UniformPool.ts" path="/Users/alexandrebriere/Documents/Webgl/WebGlDemo/src/webgpu/engine/buffers/UniformPool.ts">
        <metrics statements="13" coveredstatements="13" conditionals="4" coveredconditionals="4" methods="5" coveredmethods="5"/>
        <line num="15" count="9" type="stmt"/>
        <line num="18" count="9" type="stmt"/>
        <line num="20" count="9" type="stmt"/>
        <line num="21" count="9" type="stmt"/>
        <line num="29" count="1" type="stmt"/>
        <line num="37" count="20" type="stmt"/>
        <line num="38" count="20" type="cond" truecount="2" falsecount="0"/>
        <line num="39" count="2" type="stmt"/>
        <line num="44" count="18" type="stmt"/>
        <line num="45" count="18" type="stmt"/>
        <line num="46" count="18" type="stmt"/>
        <line num="50" count="1" type="stmt"/>
        <line num="54" count="1" type="stmt"/>
      </file>
      <file name="VertexBuffer.ts" path="/Users/alexandrebriere/Documents/Webgl/WebGlDemo/src/webgpu/engine/buffers/VertexBuffer.ts">
        <metrics statements="6" coveredstatements="6" conditionals="1" coveredconditionals="1" methods="5" coveredmethods="5"/>
        <line num="6" count="6" type="stmt"/>
        <line num="7" count="6" type="stmt"/>
        <line num="15" count="3" type="stmt"/>
        <line num="19" count="1" type="stmt"/>
        <line num="23" count="2" type="stmt"/>
        <line num="27" count="1" type="stmt"/>
      </file>
    </package>
    <package name="gameObject.hitbox">
      <metrics statements="41" coveredstatements="41" conditionals="17" coveredconditionals="17" methods="11" coveredmethods="11"/>
      <file name="CapsuleHitbox.ts" path="/Users/alexandrebriere/Documents/Webgl/WebGlDemo/src/webgpu/engine/gameObject/hitbox/CapsuleHitbox.ts">
        <metrics statements="5" coveredstatements="5" conditionals="0" coveredconditionals="0" methods="2" coveredmethods="2"/>
        <line num="5" count="70" type="stmt"/>
        <line num="16" count="70" type="stmt"/>
        <line num="17" count="70" type="stmt"/>
        <line num="18" count="70" type="stmt"/>
        <line num="22" count="5" type="stmt"/>
      </file>
      <file name="CubeHitbox.ts" path="/Users/alexandrebriere/Documents/Webgl/WebGlDemo/src/webgpu/engine/gameObject/hitbox/CubeHitbox.ts">
        <metrics statements="4" coveredstatements="4" conditionals="0" coveredconditionals="0" methods="2" coveredmethods="2"/>
        <line num="5" count="78" type="stmt"/>
        <line num="13" count="78" type="stmt"/>
        <line num="14" count="78" type="stmt"/>
        <line num="18" count="5" type="stmt"/>
      </file>
      <file name="Hitbox3D.ts" path="/Users/alexandrebriere/Documents/Webgl/WebGlDemo/src/webgpu/engine/gameObject/hitbox/Hitbox3D.ts">
        <metrics statements="9" coveredstatements="9" conditionals="2" coveredconditionals="2" methods="3" coveredmethods="3"/>
        <line num="12" count="342" type="stmt"/>
        <line num="18" count="342" type="stmt"/>
        <line num="19" count="342" type="stmt"/>
        <line num="27" count="462" type="stmt"/>
        <line num="35" count="278" type="stmt"/>
        <line num="36" count="278" type="stmt"/>
        <line num="37" count="278" type="stmt"/>
        <line num="38" count="278" type="stmt"/>
        <line num="43" count="278" type="stmt"/>
      </file>
      <file name="MeshHitbox.ts" path="/Users/alexandrebriere/Documents/Webgl/WebGlDemo/src/webgpu/engine/gameObject/hitbox/MeshHitbox.ts">
        <metrics statements="19" coveredstatements="19" conditionals="15" coveredconditionals="15" methods="2" coveredmethods="2"/>
        <line num="14" count="78" type="stmt"/>
        <line num="29" count="78" type="stmt"/>
        <line num="31" count="78" type="cond" truecount="2" falsecount="0"/>
        <line num="32" count="64" type="stmt"/>
        <line num="33" count="64" type="stmt"/>
        <line num="35" count="14" type="stmt"/>
        <line num="36" count="14" type="stmt"/>
        <line num="37" count="14" type="stmt"/>
        <line num="38" count="28" type="stmt"/>
        <line num="39" count="28" type="cond" truecount="2" falsecount="0"/>
        <line num="40" count="28" type="cond" truecount="2" falsecount="0"/>
        <line num="41" count="28" type="cond" truecount="2" falsecount="0"/>
        <line num="42" count="28" type="cond" truecount="2" falsecount="0"/>
        <line num="43" count="28" type="cond" truecount="2" falsecount="0"/>
        <line num="44" count="28" type="cond" truecount="2" falsecount="0"/>
        <line num="46" count="14" type="stmt"/>
        <line num="47" count="14" type="stmt"/>
        <line num="50" count="78" type="stmt"/>
        <line num="58" count="4" type="stmt"/>
      </file>
      <file name="SphereHitbox.ts" path="/Users/alexandrebriere/Documents/Webgl/WebGlDemo/src/webgpu/engine/gameObject/hitbox/SphereHitbox.ts">
        <metrics statements="4" coveredstatements="4" conditionals="0" coveredconditionals="0" methods="2" coveredmethods="2"/>
        <line num="5" count="116" type="stmt"/>
        <line num="13" count="116" type="stmt"/>
        <line num="14" count="116" type="stmt"/>
        <line num="18" count="6" type="stmt"/>
      </file>
    </package>
    <package name="gameObject.rigidbody">
      <metrics statements="123" coveredstatements="120" conditionals="102" coveredconditionals="92" methods="8" coveredmethods="8"/>
      <file name="Rigidbody3D.ts" path="/Users/alexandrebriere/Documents/Webgl/WebGlDemo/src/webgpu/engine/gameObject/rigidbody/Rigidbody3D.ts">
        <metrics statements="10" coveredstatements="10" conditionals="12" coveredconditionals="11" methods="1" coveredmethods="1"/>
        <line num="31" count="36" type="stmt"/>
        <line num="33" count="36" type="stmt"/>
        <line num="34" count="36" type="stmt"/>
        <line num="43" count="36" type="stmt"/>
        <line num="44" count="36" type="cond" truecount="2" falsecount="0"/>
        <line num="45" count="36" type="cond" truecount="2" falsecount="0"/>
        <line num="46" count="36" type="cond" truecount="1" falsecount="1"/>
        <line num="47" count="36" type="cond" truecount="2" falsecount="0"/>
        <line num="48" count="36" type="cond" truecount="2" falsecount="0"/>
        <line num="49" count="36" type="cond" truecount="2" falsecount="0"/>
      </file>
      <file name="broadPhase.ts" path="/Users/alexandrebriere/Documents/Webgl/WebGlDemo/src/webgpu/engine/gameObject/rigidbody/broadPhase.ts">
        <metrics statements="24" coveredstatements="24" conditionals="14" coveredconditionals="14" methods="3" coveredmethods="3"/>
        <line num="8" count="3" type="stmt"/>
        <line num="16" count="29" type="stmt"/>
        <line num="17" count="29" type="cond" truecount="4" falsecount="0"/>
        <line num="19" count="23" type="stmt"/>
        <line num="20" count="23" type="stmt"/>
        <line num="26" count="3" type="stmt"/>
        <line num="27" count="3" type="stmt"/>
        <line num="28" count="3" type="stmt"/>
        <line num="29" count="3" type="stmt"/>
        <line num="30" count="3" type="stmt"/>
        <line num="31" count="6" type="stmt"/>
        <line num="32" count="12" type="stmt"/>
        <line num="33" count="24" type="stmt"/>
        <line num="38" count="24" type="stmt"/>
        <line num="39" count="72" type="cond" truecount="2" falsecount="0"/>
        <line num="40" count="72" type="cond" truecount="2" falsecount="0"/>
        <line num="45" count="3" type="stmt"/>
        <line num="48" count="1" type="stmt"/>
        <line num="49" count="1" type="stmt"/>
        <line num="50" count="1" type="stmt"/>
        <line num="51" count="1" type="stmt"/>
        <line num="65" count="2" type="stmt"/>
        <line num="66" count="2" type="stmt"/>
        <line num="75" count="20" type="cond" truecount="6" falsecount="0"/>
      </file>
      <file name="collisionStep.ts" path="/Users/alexandrebriere/Documents/Webgl/WebGlDemo/src/webgpu/engine/gameObject/rigidbody/collisionStep.ts">
        <metrics statements="51" coveredstatements="48" conditionals="28" coveredconditionals="23" methods="2" coveredmethods="2"/>
        <line num="28" count="14" type="stmt"/>
        <line num="29" count="13" type="stmt"/>
        <line num="30" count="10" type="stmt"/>
        <line num="31" count="10" type="stmt"/>
        <line num="36" count="14" type="stmt"/>
        <line num="37" count="24" type="cond" truecount="1" falsecount="1"/>
        <line num="44" count="10" type="stmt"/>
        <line num="45" count="10" type="stmt"/>
        <line num="47" count="10" type="cond" truecount="2" falsecount="0"/>
        <line num="49" count="8" type="stmt"/>
        <line num="50" count="8" type="cond" truecount="1" falsecount="1"/>
        <line num="52" count="8" type="stmt"/>
        <line num="53" count="10" type="stmt"/>
        <line num="55" count="10" type="stmt"/>
        <line num="56" count="10" type="stmt"/>
        <line num="57" count="10" type="stmt"/>
        <line num="58" count="10" type="cond" truecount="4" falsecount="0"/>
        <line num="62" count="6" type="cond" truecount="4" falsecount="0"/>
        <line num="63" count="5" type="stmt"/>
        <line num="64" count="5" type="stmt"/>
        <line num="65" count="5" type="stmt"/>
        <line num="66" count="5" type="stmt"/>
        <line num="67" count="5" type="stmt"/>
        <line num="68" count="5" type="stmt"/>
        <line num="69" count="5" type="stmt"/>
        <line num="70" count="5" type="stmt"/>
        <line num="71" count="5" type="stmt"/>
        <line num="72" count="1" type="cond" truecount="1" falsecount="1"/>
        <line num="73" count="0" type="stmt"/>
        <line num="74" count="0" type="stmt"/>
        <line num="75" count="0" type="stmt"/>
        <line num="77" count="1" type="stmt"/>
        <line num="78" count="1" type="stmt"/>
        <line num="79" count="1" type="stmt"/>
        <line num="83" count="6" type="cond" truecount="2" falsecount="0"/>
        <line num="84" count="10" type="cond" truecount="1" falsecount="1"/>
        <line num="85" count="10" type="stmt"/>
        <line num="86" count="10" type="cond" truecount="2" falsecount="0"/>
        <line num="87" count="6" type="stmt"/>
        <line num="90" count="6" type="cond" truecount="2" falsecount="0"/>
        <line num="91" count="1" type="stmt"/>
        <line num="92" count="1" type="stmt"/>
        <line num="93" count="1" type="stmt"/>
        <line num="94" count="1" type="stmt"/>
        <line num="95" count="1" type="stmt"/>
        <line num="96" count="1" type="stmt"/>
        <line num="97" count="1" type="stmt"/>
        <line num="102" count="6" type="cond" truecount="2" falsecount="0"/>
        <line num="103" count="6" type="cond" truecount="1" falsecount="1"/>
        <line num="105" count="6" type="stmt"/>
        <line num="106" count="10" type="stmt"/>
      </file>
      <file name="narrowPhase.ts" path="/Users/alexandrebriere/Documents/Webgl/WebGlDemo/src/webgpu/engine/gameObject/rigidbody/narrowPhase.ts">
        <metrics statements="27" coveredstatements="27" conditionals="40" coveredconditionals="36" methods="1" coveredmethods="1"/>
        <line num="11" count="45" type="stmt"/>
        <line num="12" count="45" type="stmt"/>
        <line num="14" count="45" type="cond" truecount="2" falsecount="0"/>
        <line num="15" count="19" type="stmt"/>
        <line num="16" count="19" type="cond" truecount="2" falsecount="0"/>
        <line num="17" count="7" type="cond" truecount="2" falsecount="0"/>
        <line num="18" count="4" type="cond" truecount="2" falsecount="0"/>
        <line num="19" count="2" type="cond" truecount="1" falsecount="1"/>
        <line num="22" count="26" type="cond" truecount="2" falsecount="0"/>
        <line num="23" count="9" type="stmt"/>
        <line num="24" count="9" type="cond" truecount="2" falsecount="0"/>
        <line num="25" count="6" type="cond" truecount="2" falsecount="0"/>
        <line num="26" count="4" type="cond" truecount="2" falsecount="0"/>
        <line num="27" count="2" type="cond" truecount="1" falsecount="1"/>
        <line num="30" count="17" type="cond" truecount="2" falsecount="0"/>
        <line num="31" count="8" type="stmt"/>
        <line num="32" count="8" type="cond" truecount="2" falsecount="0"/>
        <line num="33" count="6" type="cond" truecount="2" falsecount="0"/>
        <line num="34" count="4" type="cond" truecount="2" falsecount="0"/>
        <line num="35" count="2" type="cond" truecount="1" falsecount="1"/>
        <line num="38" count="9" type="cond" truecount="2" falsecount="0"/>
        <line num="39" count="8" type="stmt"/>
        <line num="40" count="8" type="cond" truecount="2" falsecount="0"/>
        <line num="41" count="6" type="cond" truecount="2" falsecount="0"/>
        <line num="42" count="4" type="cond" truecount="2" falsecount="0"/>
        <line num="43" count="2" type="cond" truecount="1" falsecount="1"/>
        <line num="46" count="1" type="stmt"/>
      </file>
      <file name="physicsStep.ts" path="/Users/alexandrebriere/Documents/Webgl/WebGlDemo/src/webgpu/engine/gameObject/rigidbody/physicsStep.ts">
        <metrics statements="11" coveredstatements="11" conditionals="8" coveredconditionals="8" methods="1" coveredmethods="1"/>
        <line num="3" count="1" type="stmt"/>
        <line num="18" count="13" type="stmt"/>
        <line num="19" count="12" type="cond" truecount="2" falsecount="0"/>
        <line num="22" count="13" type="stmt"/>
        <line num="23" count="12" type="stmt"/>
        <line num="24" count="12" type="cond" truecount="4" falsecount="0"/>
        <line num="25" count="9" type="cond" truecount="2" falsecount="0"/>
        <line num="26" count="9" type="stmt"/>
        <line num="27" count="9" type="stmt"/>
        <line num="28" count="9" type="stmt"/>
        <line num="29" count="9" type="stmt"/>
      </file>
    </package>
    <package name="gameObject.rigidbody.narrowPhaseHelper">
      <metrics statements="178" coveredstatements="159" conditionals="97" coveredconditionals="62" methods="23" coveredmethods="23"/>
      <file name="capsuleTests.ts" path="/Users/alexandrebriere/Documents/Webgl/WebGlDemo/src/webgpu/engine/gameObject/rigidbody/narrowPhaseHelper/capsuleTests.ts">
        <metrics statements="41" coveredstatements="39" conditionals="14" coveredconditionals="11" methods="4" coveredmethods="4"/>
        <line num="11" count="10" type="stmt"/>
        <line num="12" count="10" type="stmt"/>
        <line num="13" count="10" type="stmt"/>
        <line num="14" count="10" type="stmt"/>
        <line num="15" count="10" type="stmt"/>
        <line num="16" count="10" type="cond" truecount="2" falsecount="0"/>
        <line num="17" count="9" type="stmt"/>
        <line num="18" count="9" type="stmt"/>
        <line num="22" count="9" type="stmt"/>
        <line num="23" count="9" type="stmt"/>
        <line num="24" count="9" type="stmt"/>
        <line num="28" count="9" type="stmt"/>
        <line num="29" count="9" type="stmt"/>
        <line num="30" count="9" type="stmt"/>
        <line num="31" count="9" type="stmt"/>
        <line num="32" count="9" type="stmt"/>
        <line num="33" count="9" type="stmt"/>
        <line num="34" count="9" type="stmt"/>
        <line num="35" count="9" type="stmt"/>
        <line num="36" count="9" type="stmt"/>
        <line num="37" count="9" type="stmt"/>
        <line num="38" count="9" type="cond" truecount="4" falsecount="0"/>
        <line num="39" count="7" type="stmt"/>
        <line num="40" count="7" type="stmt"/>
        <line num="41" count="7" type="stmt"/>
        <line num="42" count="7" type="cond" truecount="1" falsecount="1"/>
        <line num="45" count="7" type="stmt"/>
        <line num="46" count="7" type="stmt"/>
        <line num="47" count="2" type="cond" truecount="1" falsecount="1"/>
        <line num="48" count="0" type="stmt"/>
        <line num="49" count="2" type="cond" truecount="1" falsecount="1"/>
        <line num="50" count="0" type="stmt"/>
        <line num="52" count="9" type="stmt"/>
        <line num="53" count="9" type="stmt"/>
        <line num="54" count="9" type="stmt"/>
        <line num="55" count="9" type="stmt"/>
        <line num="56" count="9" type="stmt"/>
        <line num="57" count="9" type="cond" truecount="2" falsecount="0"/>
        <line num="58" count="8" type="stmt"/>
        <line num="59" count="8" type="stmt"/>
        <line num="63" count="7" type="stmt"/>
      </file>
      <file name="cubeTests.ts" path="/Users/alexandrebriere/Documents/Webgl/WebGlDemo/src/webgpu/engine/gameObject/rigidbody/narrowPhaseHelper/cubeTests.ts">
        <metrics statements="24" coveredstatements="24" conditionals="8" coveredconditionals="7" methods="4" coveredmethods="4"/>
        <line num="12" count="10" type="stmt"/>
        <line num="13" count="10" type="stmt"/>
        <line num="14" count="10" type="stmt"/>
        <line num="15" count="10" type="stmt"/>
        <line num="16" count="10" type="stmt"/>
        <line num="17" count="10" type="stmt"/>
        <line num="18" count="10" type="stmt"/>
        <line num="19" count="10" type="stmt"/>
        <line num="26" count="10" type="stmt"/>
        <line num="27" count="10" type="stmt"/>
        <line num="28" count="10" type="stmt"/>
        <line num="29" count="108" type="cond" truecount="1" falsecount="1"/>
        <line num="30" count="108" type="stmt"/>
        <line num="31" count="108" type="stmt"/>
        <line num="32" count="108" type="stmt"/>
        <line num="33" count="108" type="cond" truecount="2" falsecount="0"/>
        <line num="34" count="105" type="cond" truecount="2" falsecount="0"/>
        <line num="35" count="7" type="stmt"/>
        <line num="36" count="7" type="cond" truecount="2" falsecount="0"/>
        <line num="37" count="7" type="stmt"/>
        <line num="40" count="7" type="stmt"/>
        <line num="44" count="3" type="stmt"/>
        <line num="48" count="7" type="stmt"/>
        <line num="52" count="7" type="stmt"/>
      </file>
      <file name="helpers.ts" path="/Users/alexandrebriere/Documents/Webgl/WebGlDemo/src/webgpu/engine/gameObject/rigidbody/narrowPhaseHelper/helpers.ts">
        <metrics statements="65" coveredstatements="53" conditionals="46" coveredconditionals="26" methods="7" coveredmethods="7"/>
        <line num="7" count="13" type="stmt"/>
        <line num="10" count="34" type="cond" truecount="2" falsecount="0"/>
        <line num="18" count="58" type="stmt"/>
        <line num="31" count="430" type="stmt"/>
        <line num="32" count="430" type="stmt"/>
        <line num="35" count="430" type="stmt"/>
        <line num="41" count="35" type="stmt"/>
        <line num="42" count="35" type="stmt"/>
        <line num="43" count="35" type="cond" truecount="2" falsecount="0"/>
        <line num="44" count="4" type="stmt"/>
        <line num="46" count="31" type="stmt"/>
        <line num="47" count="31" type="stmt"/>
        <line num="48" count="31" type="stmt"/>
        <line num="52" count="50" type="stmt"/>
        <line num="53" count="50" type="stmt"/>
        <line num="54" count="50" type="stmt"/>
        <line num="55" count="50" type="stmt"/>
        <line num="65" count="29" type="stmt"/>
        <line num="66" count="29" type="stmt"/>
        <line num="67" count="29" type="stmt"/>
        <line num="68" count="29" type="stmt"/>
        <line num="69" count="29" type="stmt"/>
        <line num="70" count="29" type="cond" truecount="3" falsecount="0"/>
        <line num="73" count="29" type="cond" truecount="2" falsecount="0"/>
        <line num="74" count="20" type="stmt"/>
        <line num="81" count="20" type="cond" truecount="3" falsecount="1"/>
        <line num="82" count="20" type="stmt"/>
        <line num="83" count="20" type="cond" truecount="1" falsecount="1"/>
        <line num="84" count="20" type="stmt"/>
        <line num="85" count="0" type="cond" truecount="0" falsecount="4"/>
        <line num="86" count="0" type="stmt"/>
        <line num="87" count="0" type="cond" truecount="0" falsecount="2"/>
        <line num="88" count="0" type="stmt"/>
        <line num="90" count="0" type="stmt"/>
        <line num="91" count="0" type="cond" truecount="0" falsecount="2"/>
        <line num="92" count="0" type="stmt"/>
        <line num="94" count="20" type="stmt"/>
        <line num="96" count="9" type="stmt"/>
        <line num="101" count="9" type="stmt"/>
        <line num="106" count="9" type="stmt"/>
        <line num="107" count="9" type="stmt"/>
        <line num="108" count="9" type="cond" truecount="2" falsecount="0"/>
        <line num="109" count="3" type="stmt"/>
        <line num="110" count="3" type="stmt"/>
        <line num="115" count="26" type="stmt"/>
        <line num="116" count="26" type="stmt"/>
        <line num="117" count="26" type="stmt"/>
        <line num="118" count="26" type="cond" truecount="3" falsecount="0"/>
        <line num="121" count="26" type="cond" truecount="2" falsecount="0"/>
        <line num="122" count="18" type="stmt"/>
        <line num="129" count="18" type="cond" truecount="3" falsecount="1"/>
        <line num="130" count="18" type="stmt"/>
        <line num="131" count="18" type="cond" truecount="1" falsecount="1"/>
        <line num="132" count="0" type="cond" truecount="0" falsecount="4"/>
        <line num="133" count="0" type="stmt"/>
        <line num="134" count="0" type="cond" truecount="0" falsecount="2"/>
        <line num="136" count="0" type="stmt"/>
        <line num="137" count="0" type="cond" truecount="0" falsecount="2"/>
        <line num="139" count="18" type="stmt"/>
        <line num="141" count="8" type="stmt"/>
        <line num="146" count="8" type="stmt"/>
        <line num="147" count="8" type="stmt"/>
        <line num="148" count="8" type="cond" truecount="2" falsecount="0"/>
        <line num="149" count="3" type="stmt"/>
        <line num="150" count="3" type="stmt"/>
      </file>
      <file name="meshTests.ts" path="/Users/alexandrebriere/Documents/Webgl/WebGlDemo/src/webgpu/engine/gameObject/rigidbody/narrowPhaseHelper/meshTests.ts">
        <metrics statements="39" coveredstatements="34" conditionals="27" coveredconditionals="16" methods="4" coveredmethods="4"/>
        <line num="11" count="11" type="stmt"/>
        <line num="12" count="11" type="stmt"/>
        <line num="13" count="11" type="stmt"/>
        <line num="14" count="11" type="stmt"/>
        <line num="19" count="11" type="cond" truecount="5" falsecount="0"/>
        <line num="22" count="7" type="cond" truecount="3" falsecount="1"/>
        <line num="23" count="7" type="stmt"/>
        <line num="24" count="7" type="cond" truecount="2" falsecount="0"/>
        <line num="25" count="0" type="cond" truecount="0" falsecount="4"/>
        <line num="26" count="0" type="stmt"/>
        <line num="27" count="0" type="cond" truecount="0" falsecount="2"/>
        <line num="29" count="0" type="stmt"/>
        <line num="30" count="0" type="cond" truecount="0" falsecount="2"/>
        <line num="32" count="7" type="stmt"/>
        <line num="36" count="9" type="stmt"/>
        <line num="37" count="9" type="stmt"/>
        <line num="38" count="9" type="stmt"/>
        <line num="39" count="9" type="stmt"/>
        <line num="40" count="9" type="stmt"/>
        <line num="41" count="9" type="stmt"/>
        <line num="42" count="9" type="stmt"/>
        <line num="43" count="9" type="stmt"/>
        <line num="50" count="9" type="stmt"/>
        <line num="51" count="9" type="stmt"/>
        <line num="52" count="9" type="stmt"/>
        <line num="53" count="107" type="cond" truecount="1" falsecount="1"/>
        <line num="54" count="107" type="stmt"/>
        <line num="55" count="107" type="stmt"/>
        <line num="56" count="107" type="stmt"/>
        <line num="57" count="107" type="cond" truecount="2" falsecount="0"/>
        <line num="58" count="105" type="cond" truecount="2" falsecount="0"/>
        <line num="59" count="7" type="stmt"/>
        <line num="60" count="7" type="cond" truecount="1" falsecount="1"/>
        <line num="61" count="7" type="stmt"/>
        <line num="64" count="7" type="stmt"/>
        <line num="68" count="9" type="stmt"/>
        <line num="69" count="9" type="stmt"/>
        <line num="70" count="9" type="stmt"/>
        <line num="74" count="2" type="stmt"/>
      </file>
      <file name="sphereTests.ts" path="/Users/alexandrebriere/Documents/Webgl/WebGlDemo/src/webgpu/engine/gameObject/rigidbody/narrowPhaseHelper/sphereTests.ts">
        <metrics statements="9" coveredstatements="9" conditionals="2" coveredconditionals="2" methods="4" coveredmethods="4"/>
        <line num="10" count="21" type="stmt"/>
        <line num="11" count="21" type="stmt"/>
        <line num="12" count="21" type="stmt"/>
        <line num="13" count="21" type="cond" truecount="2" falsecount="0"/>
        <line num="14" count="17" type="stmt"/>
        <line num="15" count="17" type="stmt"/>
        <line num="19" count="10" type="stmt"/>
        <line num="23" count="8" type="stmt"/>
        <line num="27" count="8" type="stmt"/>
      </file>
    </package>
    <package name="loaders">
      <metrics statements="54" coveredstatements="54" conditionals="20" coveredconditionals="20" methods="4" coveredmethods="4"/>
      <file name="parseObj.ts" path="/Users/alexandrebriere/Documents/Webgl/WebGlDemo/src/webgpu/engine/loaders/parseObj.ts">
        <metrics statements="54" coveredstatements="54" conditionals="20" coveredconditionals="20" methods="4" coveredmethods="4"/>
        <line num="13" count="16" type="stmt"/>
        <line num="14" count="16" type="stmt"/>
        <line num="17" count="16" type="stmt"/>
        <line num="18" count="16" type="stmt"/>
        <line num="19" count="16" type="stmt"/>
        <line num="21" count="16" type="stmt"/>
        <line num="24" count="16" type="stmt"/>
        <line num="25" count="98" type="stmt"/>
        <line num="26" count="98" type="cond" truecount="2" falsecount="0"/>
        <line num="27" count="3" type="stmt"/>
        <line num="28" count="3" type="stmt"/>
        <line num="29" count="95" type="cond" truecount="2" falsecount="0"/>
        <line num="30" count="41" type="stmt"/>
        <line num="31" count="41" type="stmt"/>
        <line num="35" count="16" type="stmt"/>
        <line num="39" count="16" type="stmt"/>
        <line num="40" count="98" type="stmt"/>
        <line num="41" count="98" type="cond" truecount="2" falsecount="0"/>
        <line num="43" count="13" type="stmt"/>
        <line num="47" count="13" type="stmt"/>
        <line num="48" count="40" type="stmt"/>
        <line num="49" count="40" type="stmt"/>
        <line num="50" count="40" type="cond" truecount="4" falsecount="0"/>
        <line num="51" count="40" type="stmt"/>
        <line num="55" count="13" type="stmt"/>
        <line num="56" count="13" type="cond" truecount="2" falsecount="0"/>
        <line num="57" count="10" type="stmt"/>
        <line num="58" count="10" type="stmt"/>
        <line num="59" count="10" type="stmt"/>
        <line num="60" count="10" type="stmt"/>
        <line num="61" count="10" type="stmt"/>
        <line num="62" count="10" type="stmt"/>
        <line num="63" count="10" type="stmt"/>
        <line num="64" count="10" type="stmt"/>
        <line num="65" count="10" type="stmt"/>
        <line num="66" count="10" type="cond" truecount="2" falsecount="0"/>
        <line num="70" count="13" type="stmt"/>
        <line num="71" count="40" type="stmt"/>
        <line num="72" count="40" type="stmt"/>
        <line num="73" count="40" type="cond" truecount="2" falsecount="0"/>
        <line num="74" count="38" type="stmt"/>
        <line num="75" count="38" type="stmt"/>
        <line num="77" count="38" type="stmt"/>
        <line num="79" count="38" type="cond" truecount="4" falsecount="0"/>
        <line num="80" count="9" type="stmt"/>
        <line num="81" count="9" type="stmt"/>
        <line num="82" count="9" type="stmt"/>
        <line num="84" count="29" type="stmt"/>
        <line num="88" count="38" type="stmt"/>
        <line num="90" count="40" type="stmt"/>
        <line num="94" count="13" type="stmt"/>
        <line num="95" count="14" type="stmt"/>
        <line num="99" count="16" type="stmt"/>
        <line num="106" count="68" type="stmt"/>
      </file>
    </package>
    <package name="math">
      <metrics statements="104" coveredstatements="98" conditionals="8" coveredconditionals="7" methods="21" coveredmethods="18"/>
      <file name="index.ts" path="/Users/alexandrebriere/Documents/Webgl/WebGlDemo/src/webgpu/engine/math/index.ts">
        <metrics statements="0" coveredstatements="0" conditionals="0" coveredconditionals="0" methods="0" coveredmethods="0"/>
      </file>
      <file name="mat.ts" path="/Users/alexandrebriere/Documents/Webgl/WebGlDemo/src/webgpu/engine/math/mat.ts">
        <metrics statements="41" coveredstatements="41" conditionals="0" coveredconditionals="0" methods="4" coveredmethods="4"/>
        <line num="6" count="353" type="stmt"/>
        <line num="7" count="1408" type="stmt"/>
        <line num="8" count="353" type="stmt"/>
        <line num="11" count="1" type="stmt"/>
        <line num="16" count="4" type="stmt"/>
        <line num="17" count="16" type="stmt"/>
        <line num="18" count="64" type="stmt"/>
        <line num="19" count="64" type="stmt"/>
        <line num="20" count="256" type="stmt"/>
        <line num="22" count="64" type="stmt"/>
        <line num="37" count="285" type="stmt"/>
        <line num="38" count="285" type="stmt"/>
        <line num="39" count="285" type="stmt"/>
        <line num="42" count="285" type="stmt"/>
        <line num="43" count="285" type="stmt"/>
        <line num="44" count="285" type="stmt"/>
        <line num="45" count="285" type="stmt"/>
        <line num="46" count="285" type="stmt"/>
        <line num="47" count="285" type="stmt"/>
        <line num="48" count="285" type="stmt"/>
        <line num="49" count="285" type="stmt"/>
        <line num="50" count="285" type="stmt"/>
        <line num="51" count="285" type="stmt"/>
        <line num="52" count="285" type="stmt"/>
        <line num="53" count="285" type="stmt"/>
        <line num="56" count="285" type="stmt"/>
        <line num="57" count="285" type="stmt"/>
        <line num="58" count="285" type="stmt"/>
        <line num="59" count="285" type="stmt"/>
        <line num="62" count="285" type="stmt"/>
        <line num="63" count="285" type="stmt"/>
        <line num="64" count="285" type="stmt"/>
        <line num="65" count="285" type="stmt"/>
        <line num="68" count="285" type="stmt"/>
        <line num="69" count="285" type="stmt"/>
        <line num="70" count="285" type="stmt"/>
        <line num="71" count="285" type="stmt"/>
        <line num="74" count="285" type="stmt"/>
        <line num="75" count="285" type="stmt"/>
        <line num="76" count="285" type="stmt"/>
        <line num="77" count="285" type="stmt"/>
      </file>
      <file name="quat.ts" path="/Users/alexandrebriere/Documents/Webgl/WebGlDemo/src/webgpu/engine/math/quat.ts">
        <metrics statements="15" coveredstatements="15" conditionals="0" coveredconditionals="0" methods="5" coveredmethods="5"/>
        <line num="5" count="307" type="stmt"/>
        <line num="6" count="307" type="stmt"/>
        <line num="7" count="307" type="stmt"/>
        <line num="9" count="307" type="stmt"/>
        <line num="19" count="283" type="stmt"/>
        <line num="24" count="5" type="stmt"/>
        <line num="29" count="287" type="stmt"/>
        <line num="30" count="287" type="stmt"/>
        <line num="31" count="287" type="stmt"/>
        <line num="41" count="283" type="stmt"/>
        <line num="42" count="283" type="stmt"/>
        <line num="43" count="283" type="stmt"/>
        <line num="44" count="283" type="stmt"/>
        <line num="45" count="283" type="stmt"/>
        <line num="46" count="283" type="stmt"/>
      </file>
      <file name="vec.ts" path="/Users/alexandrebriere/Documents/Webgl/WebGlDemo/src/webgpu/engine/math/vec.ts">
        <metrics statements="48" coveredstatements="42" conditionals="8" coveredconditionals="7" methods="12" coveredmethods="9"/>
        <line num="1" count="20" type="stmt"/>
        <line num="8" count="178" type="stmt"/>
        <line num="16" count="176" type="stmt"/>
        <line num="17" count="176" type="cond" truecount="2" falsecount="0"/>
        <line num="22" count="0" type="stmt"/>
        <line num="23" count="0" type="stmt"/>
        <line num="24" count="0" type="stmt"/>
        <line num="28" count="0" type="stmt"/>
        <line num="29" count="0" type="stmt"/>
        <line num="34" count="0" type="stmt"/>
        <line num="38" count="2208" type="cond" truecount="2" falsecount="0"/>
        <line num="39" count="2" type="stmt"/>
        <line num="41" count="2206" type="stmt"/>
        <line num="42" count="2206" type="stmt"/>
        <line num="43" count="6615" type="stmt"/>
        <line num="45" count="2206" type="stmt"/>
        <line num="49" count="6" type="stmt"/>
        <line num="50" count="6" type="stmt"/>
        <line num="51" count="14" type="stmt"/>
        <line num="53" count="6" type="stmt"/>
        <line num="57" count="4" type="stmt"/>
        <line num="58" count="4" type="stmt"/>
        <line num="59" count="9" type="stmt"/>
        <line num="61" count="4" type="stmt"/>
        <line num="65" count="5" type="stmt"/>
        <line num="66" count="5" type="stmt"/>
        <line num="67" count="12" type="stmt"/>
        <line num="69" count="5" type="stmt"/>
        <line num="73" count="5" type="stmt"/>
        <line num="74" count="5" type="stmt"/>
        <line num="75" count="11" type="stmt"/>
        <line num="77" count="5" type="stmt"/>
        <line num="82" count="30" type="stmt"/>
        <line num="83" count="30" type="stmt"/>
        <line num="84" count="30" type="stmt"/>
        <line num="85" count="30" type="stmt"/>
        <line num="86" count="30" type="stmt"/>
        <line num="88" count="30" type="cond" truecount="1" falsecount="1"/>
        <line num="89" count="30" type="stmt"/>
        <line num="90" count="30" type="stmt"/>
        <line num="91" count="30" type="stmt"/>
        <line num="93" count="30" type="stmt"/>
        <line num="94" count="30" type="stmt"/>
        <line num="99" count="45" type="stmt"/>
        <line num="100" count="45" type="cond" truecount="2" falsecount="0"/>
        <line num="101" count="15" type="stmt"/>
        <line num="103" count="30" type="stmt"/>
        <line num="104" count="30" type="stmt"/>
      </file>
    </package>
    <package name="tests.buffers">
      <metrics statements="5" coveredstatements="5" conditionals="1" coveredconditionals="1" methods="2" coveredmethods="2"/>
      <file name="mockDevice.ts" path="/Users/alexandrebriere/Documents/Webgl/WebGlDemo/src/webgpu/engine/tests/buffers/mockDevice.ts">
        <metrics statements="5" coveredstatements="5" conditionals="1" coveredconditionals="1" methods="2" coveredmethods="2"/>
        <line num="20" count="28" type="stmt"/>
        <line num="22" count="28" type="stmt"/>
        <line num="23" count="28" type="stmt"/>
        <line num="28" count="28" type="stmt"/>
        <line num="31" count="28" type="stmt"/>
      </file>
    </package>
    <package name="tests.physics">
      <metrics statements="10" coveredstatements="7" conditionals="1" coveredconditionals="1" methods="12" coveredmethods="4"/>
      <file name="mockGameObject.ts" path="/Users/alexandrebriere/Documents/Webgl/WebGlDemo/src/webgpu/engine/tests/physics/mockGameObject.ts">
        <metrics statements="10" coveredstatements="7" conditionals="1" coveredconditionals="1" methods="12" coveredmethods="4"/>
        <line num="10" count="36" type="stmt"/>
        <line num="20" count="11" type="stmt"/>
        <line num="21" count="11" type="stmt"/>
        <line num="25" count="24" type="stmt"/>
        <line num="26" count="24" type="stmt"/>
        <line num="29" count="46" type="stmt"/>
        <line num="30" count="0" type="stmt"/>
        <line num="31" count="0" type="stmt"/>
        <line num="36" count="0" type="stmt"/>
        <line num="39" count="36" type="stmt"/>
      </file>
    </package>
  </project>
</coverage>
