{"/Users/alexandrebriere/Documents/Webgl/WebGlDemo/src/webgpu/engine/buffers/IndirectBuffer.ts": {"path":"/Users/alexandrebriere/Documents/Webgl/WebGlDemo/src/webgpu/engine/buffers/IndirectBuffer.ts","statementMap":{"0":{"start":{"line":15,"column":34},"end":{"line":15,"column":63}},"1":{"start":{"line":18,"column":4},"end":{"line":18,"column":null}},"2":{"start":{"line":19,"column":4},"end":{"line":23,"column":null}},"3":{"start":{"line":25,"column":4},"end":{"line":25,"column":null}},"4":{"start":{"line":29,"column":4},"end":{"line":29,"column":null}},"5":{"start":{"line":37,"column":4},"end":{"line":37,"column":null}},"6":{"start":{"line":41,"column":4},"end":{"line":41,"column":null}}},"fnMap":{"0":{"name":"(anonymous_0)","decl":{"start":{"line":17,"column":2},"end":{"line":17,"column":14}},"loc":{"start":{"line":17,"column":49},"end":{"line":25,"column":null}},"line":17},"1":{"name":"(anonymous_1)","decl":{"start":{"line":28,"column":6},"end":{"line":28,"column":26}},"loc":{"start":{"line":28,"column":26},"end":{"line":29,"column":null}},"line":28},"2":{"name":"(anonymous_2)","decl":{"start":{"line":36,"column":2},"end":{"line":36,"column":16}},"loc":{"start":{"line":36,"column":16},"end":{"line":37,"column":null}},"line":36},"3":{"name":"(anonymous_3)","decl":{"start":{"line":40,"column":2},"end":{"line":40,"column":18}},"loc":{"start":{"line":40,"column":18},"end":{"line":41,"column":null}},"line":40}},"branchMap":{},"s":{"0":1,"1":6,"2":6,"3":6,"4":2,"5":1,"6":1},"f":{"0":6,"1":2,"2":1,"3":1},"b":{},"meta":{"lastBranch":0,"lastFunction":4,"lastStatement":7,"seen":{"s:15:34:15:63":0,"f:17:2:17:14":0,"s:18:4:18:Infinity":1,"s:19:4:23:Infinity":2,"s:25:4:25:Infinity":3,"f:28:6:28:26":1,"s:29:4:29:Infinity":4,"f:36:2:36:16":2,"s:37:4:37:Infinity":5,"f:40:2:40:18":3,"s:41:4:41:Infinity":6}}}
,"/Users/alexandrebriere/Documents/Webgl/WebGlDemo/src/webgpu/engine/buffers/StorageBuffer.ts": {"path":"/Users/alexandrebriere/Documents/Webgl/WebGlDemo/src/webgpu/engine/buffers/StorageBuffer.ts","statementMap":{"0":{"start":{"line":6,"column":4},"end":{"line":6,"column":null}},"1":{"start":{"line":7,"column":4},"end":{"line":11,"column":null}},"2":{"start":{"line":15,"column":4},"end":{"line":15,"column":null}},"3":{"start":{"line":19,"column":4},"end":{"line":19,"column":null}},"4":{"start":{"line":23,"column":6},"end":{"line":23,"column":null}},"5":{"start":{"line":27,"column":4},"end":{"line":27,"column":null}}},"fnMap":{"0":{"name":"(anonymous_0)","decl":{"start":{"line":5,"column":2},"end":{"line":5,"column":14}},"loc":{"start":{"line":5,"column":67},"end":{"line":11,"column":null}},"line":5},"1":{"name":"(anonymous_1)","decl":{"start":{"line":14,"column":6},"end":{"line":14,"column":26}},"loc":{"start":{"line":14,"column":26},"end":{"line":15,"column":null}},"line":14},"2":{"name":"(anonymous_2)","decl":{"start":{"line":18,"column":6},"end":{"line":18,"column":21}},"loc":{"start":{"line":18,"column":21},"end":{"line":19,"column":null}},"line":18},"3":{"name":"(anonymous_3)","decl":{"start":{"line":22,"column":2},"end":{"line":22,"column":8}},"loc":{"start":{"line":22,"column":65},"end":{"line":23,"column":null}},"line":22},"4":{"name":"(anonymous_4)","decl":{"start":{"line":26,"column":2},"end":{"line":26,"column":18}},"loc":{"start":{"line":26,"column":18},"end":{"line":27,"column":null}},"line":26}},"branchMap":{"0":{"loc":{"start":{"line":22,"column":42},"end":{"line":22,"column":65}},"type":"default-arg","locations":[{"start":{"line":22,"column":56},"end":{"line":22,"column":65}}],"line":22}},"s":{"0":7,"1":7,"2":2,"3":1,"4":2,"5":1},"f":{"0":7,"1":2,"2":1,"3":2,"4":1},"b":{"0":[2]},"meta":{"lastBranch":1,"lastFunction":5,"lastStatement":6,"seen":{"f:5:2:5:14":0,"s:6:4:6:Infinity":0,"s:7:4:11:Infinity":1,"f:14:6:14:26":1,"s:15:4:15:Infinity":2,"f:18:6:18:21":2,"s:19:4:19:Infinity":3,"f:22:2:22:8":3,"b:22:56:22:65":0,"s:23:6:23:Infinity":4,"f:26:2:26:18":4,"s:27:4:27:Infinity":5}}}
,"/Users/alexandrebriere/Documents/Webgl/WebGlDemo/src/webgpu/engine/buffers/UniformPool.ts": {"path":"/Users/alexandrebriere/Documents/Webgl/WebGlDemo/src/webgpu/engine/buffers/UniformPool.ts","statementMap":{"0":{"start":{"line":15,"column":24},"end":{"line":15,"column":null}},"1":{"start":{"line":18,"column":4},"end":{"line":18,"column":null}},"2":{"start":{"line":20,"column":4},"end":{"line":20,"column":null}},"3":{"start":{"line":21,"column":4},"end":{"line":25,"column":null}},"4":{"start":{"line":29,"column":4},"end":{"line":29,"column":null}},"5":{"start":{"line":37,"column":20},"end":{"line":37,"column":null}},"6":{"start":{"line":38,"column":4},"end":{"line":42,"column":null}},"7":{"start":{"line":39,"column":6},"end":{"line":42,"column":null}},"8":{"start":{"line":44,"column":30},"end":{"line":44,"column":null}},"9":{"start":{"line":45,"column":4},"end":{"line":45,"column":null}},"10":{"start":{"line":46,"column":4},"end":{"line":46,"column":null}},"11":{"start":{"line":50,"column":4},"end":{"line":50,"column":null}},"12":{"start":{"line":54,"column":4},"end":{"line":54,"column":null}}},"fnMap":{"0":{"name":"(anonymous_0)","decl":{"start":{"line":17,"column":2},"end":{"line":17,"column":14}},"loc":{"start":{"line":17,"column":76},"end":{"line":25,"column":null}},"line":17},"1":{"name":"(anonymous_1)","decl":{"start":{"line":28,"column":6},"end":{"line":28,"column":26}},"loc":{"start":{"line":28,"column":26},"end":{"line":29,"column":null}},"line":28},"2":{"name":"(anonymous_2)","decl":{"start":{"line":36,"column":2},"end":{"line":36,"column":11}},"loc":{"start":{"line":36,"column":38},"end":{"line":46,"column":null}},"line":36},"3":{"name":"(anonymous_3)","decl":{"start":{"line":49,"column":2},"end":{"line":49,"column":8}},"loc":{"start":{"line":49,"column":82},"end":{"line":50,"column":null}},"line":49},"4":{"name":"(anonymous_4)","decl":{"start":{"line":53,"column":2},"end":{"line":53,"column":18}},"loc":{"start":{"line":53,"column":18},"end":{"line":54,"column":null}},"line":53}},"branchMap":{"0":{"loc":{"start":{"line":17,"column":53},"end":{"line":17,"column":76}},"type":"default-arg","locations":[{"start":{"line":17,"column":61},"end":{"line":17,"column":76}}],"line":17},"1":{"loc":{"start":{"line":38,"column":4},"end":{"line":42,"column":null}},"type":"if","locations":[{"start":{"line":38,"column":4},"end":{"line":42,"column":null}},{"start":{},"end":{}}],"line":38},"2":{"loc":{"start":{"line":49,"column":61},"end":{"line":49,"column":82}},"type":"default-arg","locations":[{"start":{"line":49,"column":73},"end":{"line":49,"column":82}}],"line":49}},"s":{"0":9,"1":9,"2":9,"3":9,"4":1,"5":20,"6":20,"7":2,"8":18,"9":18,"10":18,"11":1,"12":1},"f":{"0":9,"1":1,"2":20,"3":1,"4":1},"b":{"0":[9],"1":[2,18],"2":[1]},"meta":{"lastBranch":3,"lastFunction":5,"lastStatement":13,"seen":{"s:15:24:15:Infinity":0,"f:17:2:17:14":0,"b:17:61:17:76":0,"s:18:4:18:Infinity":1,"s:20:4:20:Infinity":2,"s:21:4:25:Infinity":3,"f:28:6:28:26":1,"s:29:4:29:Infinity":4,"f:36:2:36:11":2,"s:37:20:37:Infinity":5,"b:38:4:42:Infinity:undefined:undefined:undefined:undefined":1,"s:38:4:42:Infinity":6,"s:39:6:42:Infinity":7,"s:44:30:44:Infinity":8,"s:45:4:45:Infinity":9,"s:46:4:46:Infinity":10,"f:49:2:49:8":3,"b:49:73:49:82":2,"s:50:4:50:Infinity":11,"f:53:2:53:18":4,"s:54:4:54:Infinity":12}}}
,"/Users/alexandrebriere/Documents/Webgl/WebGlDemo/src/webgpu/engine/buffers/VertexBuffer.ts": {"path":"/Users/alexandrebriere/Documents/Webgl/WebGlDemo/src/webgpu/engine/buffers/VertexBuffer.ts","statementMap":{"0":{"start":{"line":6,"column":4},"end":{"line":6,"column":null}},"1":{"start":{"line":7,"column":4},"end":{"line":11,"column":null}},"2":{"start":{"line":15,"column":4},"end":{"line":15,"column":null}},"3":{"start":{"line":19,"column":4},"end":{"line":19,"column":null}},"4":{"start":{"line":23,"column":6},"end":{"line":23,"column":null}},"5":{"start":{"line":27,"column":4},"end":{"line":27,"column":null}}},"fnMap":{"0":{"name":"(anonymous_0)","decl":{"start":{"line":5,"column":2},"end":{"line":5,"column":14}},"loc":{"start":{"line":5,"column":67},"end":{"line":11,"column":null}},"line":5},"1":{"name":"(anonymous_1)","decl":{"start":{"line":14,"column":6},"end":{"line":14,"column":26}},"loc":{"start":{"line":14,"column":26},"end":{"line":15,"column":null}},"line":14},"2":{"name":"(anonymous_2)","decl":{"start":{"line":18,"column":6},"end":{"line":18,"column":21}},"loc":{"start":{"line":18,"column":21},"end":{"line":19,"column":null}},"line":18},"3":{"name":"(anonymous_3)","decl":{"start":{"line":22,"column":2},"end":{"line":22,"column":8}},"loc":{"start":{"line":22,"column":51},"end":{"line":23,"column":null}},"line":22},"4":{"name":"(anonymous_4)","decl":{"start":{"line":26,"column":2},"end":{"line":26,"column":18}},"loc":{"start":{"line":26,"column":18},"end":{"line":27,"column":null}},"line":26}},"branchMap":{"0":{"loc":{"start":{"line":22,"column":28},"end":{"line":22,"column":51}},"type":"default-arg","locations":[{"start":{"line":22,"column":42},"end":{"line":22,"column":51}}],"line":22}},"s":{"0":54,"1":54,"2":3,"3":1,"4":54,"5":8},"f":{"0":54,"1":3,"2":1,"3":54,"4":8},"b":{"0":[54]},"meta":{"lastBranch":1,"lastFunction":5,"lastStatement":6,"seen":{"f:5:2:5:14":0,"s:6:4:6:Infinity":0,"s:7:4:11:Infinity":1,"f:14:6:14:26":1,"s:15:4:15:Infinity":2,"f:18:6:18:21":2,"s:19:4:19:Infinity":3,"f:22:2:22:8":3,"b:22:42:22:51":0,"s:23:6:23:Infinity":4,"f:26:2:26:18":4,"s:27:4:27:Infinity":5}}}
,"/Users/alexandrebriere/Documents/Webgl/WebGlDemo/src/webgpu/engine/gameObject/hitbox/CapsuleHitbox.ts": {"path":"/Users/alexandrebriere/Documents/Webgl/WebGlDemo/src/webgpu/engine/gameObject/hitbox/CapsuleHitbox.ts","statementMap":{"0":{"start":{"line":5,"column":18},"end":{"line":5,"column":null}},"1":{"start":{"line":16,"column":4},"end":{"line":16,"column":null}},"2":{"start":{"line":17,"column":4},"end":{"line":17,"column":null}},"3":{"start":{"line":18,"column":4},"end":{"line":18,"column":null}},"4":{"start":{"line":22,"column":4},"end":{"line":22,"column":null}}},"fnMap":{"0":{"name":"(anonymous_0)","decl":{"start":{"line":10,"column":2},"end":{"line":10,"column":null}},"loc":{"start":{"line":15,"column":4},"end":{"line":18,"column":null}},"line":15},"1":{"name":"(anonymous_1)","decl":{"start":{"line":21,"column":2},"end":{"line":21,"column":25}},"loc":{"start":{"line":21,"column":25},"end":{"line":22,"column":null}},"line":21}},"branchMap":{},"s":{"0":70,"1":70,"2":70,"3":70,"4":5},"f":{"0":70,"1":5},"b":{},"meta":{"lastBranch":0,"lastFunction":2,"lastStatement":5,"seen":{"s:5:18:5:Infinity":0,"f:10:2:10:Infinity":0,"s:16:4:16:Infinity":1,"s:17:4:17:Infinity":2,"s:18:4:18:Infinity":3,"f:21:2:21:25":1,"s:22:4:22:Infinity":4}}}
,"/Users/alexandrebriere/Documents/Webgl/WebGlDemo/src/webgpu/engine/gameObject/hitbox/CubeHitbox.ts": {"path":"/Users/alexandrebriere/Documents/Webgl/WebGlDemo/src/webgpu/engine/gameObject/hitbox/CubeHitbox.ts","statementMap":{"0":{"start":{"line":5,"column":18},"end":{"line":5,"column":null}},"1":{"start":{"line":13,"column":4},"end":{"line":13,"column":null}},"2":{"start":{"line":14,"column":4},"end":{"line":14,"column":null}},"3":{"start":{"line":18,"column":4},"end":{"line":18,"column":null}}},"fnMap":{"0":{"name":"(anonymous_0)","decl":{"start":{"line":8,"column":2},"end":{"line":8,"column":null}},"loc":{"start":{"line":12,"column":4},"end":{"line":14,"column":null}},"line":12},"1":{"name":"(anonymous_1)","decl":{"start":{"line":17,"column":2},"end":{"line":17,"column":22}},"loc":{"start":{"line":17,"column":22},"end":{"line":18,"column":null}},"line":17}},"branchMap":{},"s":{"0":78,"1":78,"2":78,"3":5},"f":{"0":78,"1":5},"b":{},"meta":{"lastBranch":0,"lastFunction":2,"lastStatement":4,"seen":{"s:5:18:5:Infinity":0,"f:8:2:8:Infinity":0,"s:13:4:13:Infinity":1,"s:14:4:14:Infinity":2,"f:17:2:17:22":1,"s:18:4:18:Infinity":3}}}
,"/Users/alexandrebriere/Documents/Webgl/WebGlDemo/src/webgpu/engine/gameObject/hitbox/Hitbox3D.ts": {"path":"/Users/alexandrebriere/Documents/Webgl/WebGlDemo/src/webgpu/engine/gameObject/hitbox/Hitbox3D.ts","statementMap":{"0":{"start":{"line":12,"column":11},"end":{"line":12,"column":53}},"1":{"start":{"line":18,"column":4},"end":{"line":18,"column":null}},"2":{"start":{"line":19,"column":4},"end":{"line":19,"column":null}},"3":{"start":{"line":27,"column":4},"end":{"line":27,"column":null}},"4":{"start":{"line":35,"column":10},"end":{"line":35,"column":85}},"5":{"start":{"line":36,"column":10},"end":{"line":36,"column":63}},"6":{"start":{"line":37,"column":10},"end":{"line":37,"column":84}},"7":{"start":{"line":38,"column":27},"end":{"line":42,"column":null}},"8":{"start":{"line":43,"column":4},"end":{"line":43,"column":null}}},"fnMap":{"0":{"name":"(anonymous_0)","decl":{"start":{"line":14,"column":2},"end":{"line":14,"column":null}},"loc":{"start":{"line":17,"column":4},"end":{"line":19,"column":null}},"line":17},"1":{"name":"(anonymous_1)","decl":{"start":{"line":26,"column":6},"end":{"line":26,"column":26}},"loc":{"start":{"line":26,"column":26},"end":{"line":27,"column":null}},"line":26},"2":{"name":"(anonymous_2)","decl":{"start":{"line":34,"column":2},"end":{"line":34,"column":20}},"loc":{"start":{"line":34,"column":80},"end":{"line":43,"column":null}},"line":34}},"branchMap":{"0":{"loc":{"start":{"line":15,"column":4},"end":{"line":15,"column":null}},"type":"default-arg","locations":[{"start":{"line":15,"column":30},"end":{"line":15,"column":null}}],"line":15},"1":{"loc":{"start":{"line":16,"column":4},"end":{"line":16,"column":45}},"type":"default-arg","locations":[{"start":{"line":16,"column":39},"end":{"line":16,"column":45}}],"line":16}},"s":{"0":342,"1":342,"2":342,"3":462,"4":278,"5":278,"6":278,"7":278,"8":278},"f":{"0":342,"1":462,"2":278},"b":{"0":[342],"1":[342]},"meta":{"lastBranch":2,"lastFunction":3,"lastStatement":9,"seen":{"s:12:11:12:53":0,"f:14:2:14:Infinity":0,"b:15:30:15:Infinity":0,"b:16:39:16:45":1,"s:18:4:18:Infinity":1,"s:19:4:19:Infinity":2,"f:26:6:26:26":1,"s:27:4:27:Infinity":3,"f:34:2:34:20":2,"s:35:10:35:85":4,"s:36:10:36:63":5,"s:37:10:37:84":6,"s:38:27:42:Infinity":7,"s:43:4:43:Infinity":8}}}
,"/Users/alexandrebriere/Documents/Webgl/WebGlDemo/src/webgpu/engine/gameObject/hitbox/MeshHitbox.ts": {"path":"/Users/alexandrebriere/Documents/Webgl/WebGlDemo/src/webgpu/engine/gameObject/hitbox/MeshHitbox.ts","statementMap":{"0":{"start":{"line":14,"column":18},"end":{"line":14,"column":null}},"1":{"start":{"line":29,"column":4},"end":{"line":29,"column":null}},"2":{"start":{"line":31,"column":4},"end":{"line":47,"column":null}},"3":{"start":{"line":32,"column":6},"end":{"line":32,"column":null}},"4":{"start":{"line":33,"column":6},"end":{"line":33,"column":null}},"5":{"start":{"line":35,"column":44},"end":{"line":35,"column":null}},"6":{"start":{"line":36,"column":44},"end":{"line":36,"column":null}},"7":{"start":{"line":37,"column":6},"end":{"line":44,"column":null}},"8":{"start":{"line":37,"column":19},"end":{"line":37,"column":22}},"9":{"start":{"line":38,"column":18},"end":{"line":38,"column":31}},"10":{"start":{"line":38,"column":35},"end":{"line":38,"column":52}},"11":{"start":{"line":38,"column":56},"end":{"line":38,"column":null}},"12":{"start":{"line":39,"column":8},"end":{"line":39,"column":null}},"13":{"start":{"line":39,"column":24},"end":{"line":39,"column":null}},"14":{"start":{"line":40,"column":8},"end":{"line":40,"column":null}},"15":{"start":{"line":40,"column":24},"end":{"line":40,"column":null}},"16":{"start":{"line":41,"column":8},"end":{"line":41,"column":null}},"17":{"start":{"line":41,"column":24},"end":{"line":41,"column":null}},"18":{"start":{"line":42,"column":8},"end":{"line":42,"column":null}},"19":{"start":{"line":42,"column":24},"end":{"line":42,"column":null}},"20":{"start":{"line":43,"column":8},"end":{"line":43,"column":null}},"21":{"start":{"line":43,"column":24},"end":{"line":43,"column":null}},"22":{"start":{"line":44,"column":8},"end":{"line":44,"column":null}},"23":{"start":{"line":44,"column":24},"end":{"line":44,"column":null}},"24":{"start":{"line":46,"column":6},"end":{"line":46,"column":null}},"25":{"start":{"line":47,"column":6},"end":{"line":47,"column":null}},"26":{"start":{"line":50,"column":4},"end":{"line":54,"column":null}},"27":{"start":{"line":58,"column":4},"end":{"line":64,"column":null}}},"fnMap":{"0":{"name":"(anonymous_0)","decl":{"start":{"line":22,"column":2},"end":{"line":22,"column":null}},"loc":{"start":{"line":28,"column":4},"end":{"line":54,"column":null}},"line":28},"1":{"name":"(anonymous_1)","decl":{"start":{"line":57,"column":2},"end":{"line":57,"column":22}},"loc":{"start":{"line":57,"column":22},"end":{"line":64,"column":null}},"line":57}},"branchMap":{"0":{"loc":{"start":{"line":24,"column":4},"end":{"line":24,"column":null}},"type":"default-arg","locations":[{"start":{"line":24,"column":13},"end":{"line":24,"column":null}}],"line":24},"1":{"loc":{"start":{"line":31,"column":4},"end":{"line":47,"column":null}},"type":"if","locations":[{"start":{"line":31,"column":4},"end":{"line":47,"column":null}},{"start":{"line":34,"column":11},"end":{"line":47,"column":null}}],"line":31},"2":{"loc":{"start":{"line":39,"column":8},"end":{"line":39,"column":null}},"type":"if","locations":[{"start":{"line":39,"column":8},"end":{"line":39,"column":null}},{"start":{},"end":{}}],"line":39},"3":{"loc":{"start":{"line":40,"column":8},"end":{"line":40,"column":null}},"type":"if","locations":[{"start":{"line":40,"column":8},"end":{"line":40,"column":null}},{"start":{},"end":{}}],"line":40},"4":{"loc":{"start":{"line":41,"column":8},"end":{"line":41,"column":null}},"type":"if","locations":[{"start":{"line":41,"column":8},"end":{"line":41,"column":null}},{"start":{},"end":{}}],"line":41},"5":{"loc":{"start":{"line":42,"column":8},"end":{"line":42,"column":null}},"type":"if","locations":[{"start":{"line":42,"column":8},"end":{"line":42,"column":null}},{"start":{},"end":{}}],"line":42},"6":{"loc":{"start":{"line":43,"column":8},"end":{"line":43,"column":null}},"type":"if","locations":[{"start":{"line":43,"column":8},"end":{"line":43,"column":null}},{"start":{},"end":{}}],"line":43},"7":{"loc":{"start":{"line":44,"column":8},"end":{"line":44,"column":null}},"type":"if","locations":[{"start":{"line":44,"column":8},"end":{"line":44,"column":null}},{"start":{},"end":{}}],"line":44}},"s":{"0":78,"1":78,"2":78,"3":64,"4":64,"5":14,"6":14,"7":14,"8":14,"9":28,"10":28,"11":28,"12":28,"13":19,"14":28,"15":13,"16":28,"17":14,"18":28,"19":16,"20":28,"21":19,"22":28,"23":14,"24":14,"25":14,"26":78,"27":4},"f":{"0":78,"1":4},"b":{"0":[78],"1":[64,14],"2":[19,9],"3":[13,15],"4":[14,14],"5":[16,12],"6":[19,9],"7":[14,14]},"meta":{"lastBranch":8,"lastFunction":2,"lastStatement":28,"seen":{"s:14:18:14:Infinity":0,"f:22:2:22:Infinity":0,"b:24:13:24:Infinity":0,"s:29:4:29:Infinity":1,"b:31:4:47:Infinity:34:11:47:Infinity":1,"s:31:4:47:Infinity":2,"s:32:6:32:Infinity":3,"s:33:6:33:Infinity":4,"s:35:44:35:Infinity":5,"s:36:44:36:Infinity":6,"s:37:6:44:Infinity":7,"s:37:19:37:22":8,"s:38:18:38:31":9,"s:38:35:38:52":10,"s:38:56:38:Infinity":11,"b:39:8:39:Infinity:undefined:undefined:undefined:undefined":2,"s:39:8:39:Infinity":12,"s:39:24:39:Infinity":13,"b:40:8:40:Infinity:undefined:undefined:undefined:undefined":3,"s:40:8:40:Infinity":14,"s:40:24:40:Infinity":15,"b:41:8:41:Infinity:undefined:undefined:undefined:undefined":4,"s:41:8:41:Infinity":16,"s:41:24:41:Infinity":17,"b:42:8:42:Infinity:undefined:undefined:undefined:undefined":5,"s:42:8:42:Infinity":18,"s:42:24:42:Infinity":19,"b:43:8:43:Infinity:undefined:undefined:undefined:undefined":6,"s:43:8:43:Infinity":20,"s:43:24:43:Infinity":21,"b:44:8:44:Infinity:undefined:undefined:undefined:undefined":7,"s:44:8:44:Infinity":22,"s:44:24:44:Infinity":23,"s:46:6:46:Infinity":24,"s:47:6:47:Infinity":25,"s:50:4:54:Infinity":26,"f:57:2:57:22":1,"s:58:4:64:Infinity":27}}}
,"/Users/alexandrebriere/Documents/Webgl/WebGlDemo/src/webgpu/engine/gameObject/hitbox/SphereHitbox.ts": {"path":"/Users/alexandrebriere/Documents/Webgl/WebGlDemo/src/webgpu/engine/gameObject/hitbox/SphereHitbox.ts","statementMap":{"0":{"start":{"line":5,"column":18},"end":{"line":5,"column":null}},"1":{"start":{"line":13,"column":4},"end":{"line":13,"column":null}},"2":{"start":{"line":14,"column":4},"end":{"line":14,"column":null}},"3":{"start":{"line":18,"column":4},"end":{"line":18,"column":null}}},"fnMap":{"0":{"name":"(anonymous_0)","decl":{"start":{"line":8,"column":2},"end":{"line":8,"column":null}},"loc":{"start":{"line":12,"column":4},"end":{"line":14,"column":null}},"line":12},"1":{"name":"(anonymous_1)","decl":{"start":{"line":17,"column":2},"end":{"line":17,"column":24}},"loc":{"start":{"line":17,"column":24},"end":{"line":18,"column":null}},"line":17}},"branchMap":{},"s":{"0":116,"1":116,"2":116,"3":6},"f":{"0":116,"1":6},"b":{},"meta":{"lastBranch":0,"lastFunction":2,"lastStatement":4,"seen":{"s:5:18:5:Infinity":0,"f:8:2:8:Infinity":0,"s:13:4:13:Infinity":1,"s:14:4:14:Infinity":2,"f:17:2:17:24":1,"s:18:4:18:Infinity":3}}}
,"/Users/alexandrebriere/Documents/Webgl/WebGlDemo/src/webgpu/engine/gameObject/renderables/Mesh.ts": {"path":"/Users/alexandrebriere/Documents/Webgl/WebGlDemo/src/webgpu/engine/gameObject/renderables/Mesh.ts","statementMap":{"0":{"start":{"line":13,"column":25},"end":{"line":13,"column":null}},"1":{"start":{"line":15,"column":33},"end":{"line":15,"column":null}},"2":{"start":{"line":18,"column":16},"end":{"line":18,"column":24}},"3":{"start":{"line":19,"column":19},"end":{"line":19,"column":null}},"4":{"start":{"line":20,"column":25},"end":{"line":20,"column":null}},"5":{"start":{"line":21,"column":12},"end":{"line":21,"column":null}},"6":{"start":{"line":26,"column":24},"end":{"line":26,"column":null}},"7":{"start":{"line":27,"column":25},"end":{"line":27,"column":null}},"8":{"start":{"line":33,"column":25},"end":{"line":33,"column":45}},"9":{"start":{"line":35,"column":30},"end":{"line":35,"column":null}},"10":{"start":{"line":36,"column":30},"end":{"line":36,"column":null}},"11":{"start":{"line":37,"column":30},"end":{"line":37,"column":null}},"12":{"start":{"line":40,"column":4},"end":{"line":40,"column":null}},"13":{"start":{"line":41,"column":4},"end":{"line":41,"column":null}},"14":{"start":{"line":42,"column":4},"end":{"line":42,"column":null}},"15":{"start":{"line":46,"column":75},"end":{"line":46,"column":null}},"16":{"start":{"line":47,"column":4},"end":{"line":47,"column":null}},"17":{"start":{"line":48,"column":4},"end":{"line":48,"column":null}},"18":{"start":{"line":51,"column":18},"end":{"line":51,"column":null}},"19":{"start":{"line":52,"column":4},"end":{"line":52,"column":null}},"20":{"start":{"line":53,"column":4},"end":{"line":53,"column":null}},"21":{"start":{"line":54,"column":4},"end":{"line":54,"column":null}},"22":{"start":{"line":57,"column":4},"end":{"line":65,"column":null}},"23":{"start":{"line":58,"column":18},"end":{"line":58,"column":null}},"24":{"start":{"line":59,"column":6},"end":{"line":63,"column":null}},"25":{"start":{"line":64,"column":6},"end":{"line":64,"column":null}},"26":{"start":{"line":65,"column":6},"end":{"line":65,"column":null}},"27":{"start":{"line":69,"column":4},"end":{"line":69,"column":null}},"28":{"start":{"line":70,"column":4},"end":{"line":70,"column":null}},"29":{"start":{"line":72,"column":4},"end":{"line":83,"column":null}},"30":{"start":{"line":86,"column":22},"end":{"line":86,"column":null}},"31":{"start":{"line":87,"column":25},"end":{"line":87,"column":93}},"32":{"start":{"line":89,"column":4},"end":{"line":121,"column":null}},"33":{"start":{"line":125,"column":4},"end":{"line":125,"column":null}},"34":{"start":{"line":126,"column":4},"end":{"line":126,"column":null}},"35":{"start":{"line":127,"column":4},"end":{"line":127,"column":null}},"36":{"start":{"line":128,"column":4},"end":{"line":132,"column":null}},"37":{"start":{"line":129,"column":6},"end":{"line":129,"column":null}},"38":{"start":{"line":130,"column":6},"end":{"line":130,"column":null}},"39":{"start":{"line":132,"column":6},"end":{"line":132,"column":null}},"40":{"start":{"line":139,"column":4},"end":{"line":139,"column":null}},"41":{"start":{"line":140,"column":4},"end":{"line":140,"column":null}},"42":{"start":{"line":144,"column":4},"end":{"line":149,"column":null}},"43":{"start":{"line":145,"column":6},"end":{"line":145,"column":null}},"44":{"start":{"line":146,"column":6},"end":{"line":149,"column":null}},"45":{"start":{"line":151,"column":4},"end":{"line":151,"column":null}},"46":{"start":{"line":152,"column":4},"end":{"line":152,"column":null}},"47":{"start":{"line":156,"column":4},"end":{"line":156,"column":null}},"48":{"start":{"line":157,"column":4},"end":{"line":157,"column":null}},"49":{"start":{"line":161,"column":4},"end":{"line":161,"column":null}},"50":{"start":{"line":162,"column":4},"end":{"line":162,"column":null}},"51":{"start":{"line":166,"column":4},"end":{"line":166,"column":null}},"52":{"start":{"line":167,"column":4},"end":{"line":167,"column":null}},"53":{"start":{"line":171,"column":4},"end":{"line":171,"column":null}},"54":{"start":{"line":172,"column":4},"end":{"line":174,"column":null}},"55":{"start":{"line":178,"column":4},"end":{"line":178,"column":null}},"56":{"start":{"line":179,"column":4},"end":{"line":181,"column":null}},"57":{"start":{"line":185,"column":4},"end":{"line":185,"column":null}},"58":{"start":{"line":189,"column":4},"end":{"line":189,"column":null}},"59":{"start":{"line":190,"column":4},"end":{"line":190,"column":null}},"60":{"start":{"line":191,"column":4},"end":{"line":191,"column":null}},"61":{"start":{"line":192,"column":4},"end":{"line":192,"column":null}},"62":{"start":{"line":193,"column":4},"end":{"line":195,"column":null}},"63":{"start":{"line":199,"column":4},"end":{"line":203,"column":null}},"64":{"start":{"line":207,"column":4},"end":{"line":207,"column":null}},"65":{"start":{"line":208,"column":4},"end":{"line":208,"column":null}}},"fnMap":{"0":{"name":"(anonymous_0)","decl":{"start":{"line":39,"column":2},"end":{"line":39,"column":14}},"loc":{"start":{"line":39,"column":33},"end":{"line":42,"column":null}},"line":39},"1":{"name":"(anonymous_1)","decl":{"start":{"line":45,"column":2},"end":{"line":45,"column":7}},"loc":{"start":{"line":45,"column":39},"end":{"line":121,"column":null}},"line":45},"2":{"name":"(anonymous_2)","decl":{"start":{"line":124,"column":2},"end":{"line":124,"column":9}},"loc":{"start":{"line":124,"column":60},"end":{"line":132,"column":null}},"line":124},"3":{"name":"(anonymous_3)","decl":{"start":{"line":138,"column":2},"end":{"line":138,"column":14}},"loc":{"start":{"line":138,"column":40},"end":{"line":140,"column":null}},"line":138},"4":{"name":"(anonymous_4)","decl":{"start":{"line":143,"column":2},"end":{"line":143,"column":13}},"loc":{"start":{"line":143,"column":38},"end":{"line":152,"column":null}},"line":143},"5":{"name":"(anonymous_5)","decl":{"start":{"line":155,"column":2},"end":{"line":155,"column":14}},"loc":{"start":{"line":155,"column":36},"end":{"line":157,"column":null}},"line":155},"6":{"name":"(anonymous_6)","decl":{"start":{"line":160,"column":2},"end":{"line":160,"column":16}},"loc":{"start":{"line":160,"column":40},"end":{"line":162,"column":null}},"line":160},"7":{"name":"(anonymous_7)","decl":{"start":{"line":165,"column":2},"end":{"line":165,"column":11}},"loc":{"start":{"line":165,"column":50},"end":{"line":167,"column":null}},"line":165},"8":{"name":"(anonymous_8)","decl":{"start":{"line":170,"column":2},"end":{"line":170,"column":17}},"loc":{"start":{"line":170,"column":42},"end":{"line":174,"column":null}},"line":170},"9":{"name":"(anonymous_9)","decl":{"start":{"line":177,"column":2},"end":{"line":177,"column":10}},"loc":{"start":{"line":177,"column":33},"end":{"line":181,"column":null}},"line":177},"10":{"name":"(anonymous_10)","decl":{"start":{"line":184,"column":6},"end":{"line":184,"column":48}},"loc":{"start":{"line":184,"column":48},"end":{"line":185,"column":null}},"line":184},"11":{"name":"(anonymous_11)","decl":{"start":{"line":188,"column":2},"end":{"line":188,"column":11}},"loc":{"start":{"line":188,"column":61},"end":{"line":195,"column":null}},"line":188},"12":{"name":"(anonymous_12)","decl":{"start":{"line":198,"column":2},"end":{"line":198,"column":16}},"loc":{"start":{"line":198,"column":16},"end":{"line":203,"column":null}},"line":198},"13":{"name":"(anonymous_13)","decl":{"start":{"line":206,"column":2},"end":{"line":206,"column":18}},"loc":{"start":{"line":206,"column":18},"end":{"line":208,"column":null}},"line":206}},"branchMap":{"0":{"loc":{"start":{"line":57,"column":4},"end":{"line":65,"column":null}},"type":"if","locations":[{"start":{"line":57,"column":4},"end":{"line":65,"column":null}},{"start":{},"end":{}}],"line":57},"1":{"loc":{"start":{"line":60,"column":15},"end":{"line":60,"column":null}},"type":"cond-expr","locations":[{"start":{"line":60,"column":34},"end":{"line":60,"column":62}},{"start":{"line":60,"column":62},"end":{"line":60,"column":null}}],"line":60},"2":{"loc":{"start":{"line":73,"column":13},"end":{"line":73,"column":null}},"type":"cond-expr","locations":[{"start":{"line":73,"column":32},"end":{"line":73,"column":60}},{"start":{"line":73,"column":60},"end":{"line":73,"column":null}}],"line":73},"3":{"loc":{"start":{"line":128,"column":4},"end":{"line":132,"column":null}},"type":"if","locations":[{"start":{"line":128,"column":4},"end":{"line":132,"column":null}},{"start":{"line":131,"column":11},"end":{"line":132,"column":null}}],"line":128},"4":{"loc":{"start":{"line":144,"column":4},"end":{"line":149,"column":null}},"type":"if","locations":[{"start":{"line":144,"column":4},"end":{"line":149,"column":null}},{"start":{},"end":{}}],"line":144},"5":{"loc":{"start":{"line":144,"column":8},"end":{"line":144,"column":66}},"type":"binary-expr","locations":[{"start":{"line":144,"column":8},"end":{"line":144,"column":27}},{"start":{"line":144,"column":27},"end":{"line":144,"column":66}}],"line":144},"6":{"loc":{"start":{"line":201,"column":15},"end":{"line":201,"column":null}},"type":"cond-expr","locations":[{"start":{"line":201,"column":36},"end":{"line":201,"column":71}},{"start":{"line":201,"column":74},"end":{"line":201,"column":null}}],"line":201}},"s":{"0":2,"1":2,"2":36,"3":36,"4":36,"5":36,"6":36,"7":36,"8":36,"9":36,"10":36,"11":36,"12":36,"13":36,"14":36,"15":20,"16":20,"17":20,"18":20,"19":20,"20":20,"21":20,"22":20,"23":3,"24":3,"25":3,"26":3,"27":20,"28":20,"29":20,"30":20,"31":20,"32":20,"33":0,"34":0,"35":0,"36":0,"37":0,"38":0,"39":0,"40":1,"41":1,"42":4,"43":4,"44":4,"45":4,"46":4,"47":1,"48":1,"49":1,"50":1,"51":1,"52":1,"53":0,"54":0,"55":3,"56":3,"57":6,"58":3,"59":3,"60":3,"61":3,"62":3,"63":6,"64":3,"65":3},"f":{"0":36,"1":20,"2":0,"3":1,"4":4,"5":1,"6":1,"7":1,"8":0,"9":3,"10":6,"11":3,"12":6,"13":3},"b":{"0":[3,17],"1":[0,3],"2":[0,20],"3":[0,0],"4":[4,0],"5":[4,1],"6":[0,6]},"meta":{"lastBranch":7,"lastFunction":14,"lastStatement":66,"seen":{"s:13:25:13:Infinity":0,"s:15:33:15:Infinity":1,"s:18:16:18:24":2,"s:19:19:19:Infinity":3,"s:20:25:20:Infinity":4,"s:21:12:21:Infinity":5,"s:26:24:26:Infinity":6,"s:27:25:27:Infinity":7,"s:33:25:33:45":8,"s:35:30:35:Infinity":9,"s:36:30:36:Infinity":10,"s:37:30:37:Infinity":11,"f:39:2:39:14":0,"s:40:4:40:Infinity":12,"s:41:4:41:Infinity":13,"s:42:4:42:Infinity":14,"f:45:2:45:7":1,"s:46:75:46:Infinity":15,"s:47:4:47:Infinity":16,"s:48:4:48:Infinity":17,"s:51:18:51:Infinity":18,"s:52:4:52:Infinity":19,"s:53:4:53:Infinity":20,"s:54:4:54:Infinity":21,"b:57:4:65:Infinity:undefined:undefined:undefined:undefined":0,"s:57:4:65:Infinity":22,"s:58:18:58:Infinity":23,"s:59:6:63:Infinity":24,"b:60:34:60:62:60:62:60:Infinity":1,"s:64:6:64:Infinity":25,"s:65:6:65:Infinity":26,"s:69:4:69:Infinity":27,"s:70:4:70:Infinity":28,"s:72:4:83:Infinity":29,"b:73:32:73:60:73:60:73:Infinity":2,"s:86:22:86:Infinity":30,"s:87:25:87:93":31,"s:89:4:121:Infinity":32,"f:124:2:124:9":2,"s:125:4:125:Infinity":33,"s:126:4:126:Infinity":34,"s:127:4:127:Infinity":35,"b:128:4:132:Infinity:131:11:132:Infinity":3,"s:128:4:132:Infinity":36,"s:129:6:129:Infinity":37,"s:130:6:130:Infinity":38,"s:132:6:132:Infinity":39,"f:138:2:138:14":3,"s:139:4:139:Infinity":40,"s:140:4:140:Infinity":41,"f:143:2:143:13":4,"b:144:4:149:Infinity:undefined:undefined:undefined:undefined":4,"s:144:4:149:Infinity":42,"b:144:8:144:27:144:27:144:66":5,"s:145:6:145:Infinity":43,"s:146:6:149:Infinity":44,"s:151:4:151:Infinity":45,"s:152:4:152:Infinity":46,"f:155:2:155:14":5,"s:156:4:156:Infinity":47,"s:157:4:157:Infinity":48,"f:160:2:160:16":6,"s:161:4:161:Infinity":49,"s:162:4:162:Infinity":50,"f:165:2:165:11":7,"s:166:4:166:Infinity":51,"s:167:4:167:Infinity":52,"f:170:2:170:17":8,"s:171:4:171:Infinity":53,"s:172:4:174:Infinity":54,"f:177:2:177:10":9,"s:178:4:178:Infinity":55,"s:179:4:181:Infinity":56,"f:184:6:184:48":10,"s:185:4:185:Infinity":57,"f:188:2:188:11":11,"s:189:4:189:Infinity":58,"s:190:4:190:Infinity":59,"s:191:4:191:Infinity":60,"s:192:4:192:Infinity":61,"s:193:4:195:Infinity":62,"f:198:2:198:16":12,"s:199:4:203:Infinity":63,"b:201:36:201:71:201:74:201:Infinity":6,"f:206:2:206:18":13,"s:207:4:207:Infinity":64,"s:208:4:208:Infinity":65}}}
,"/Users/alexandrebriere/Documents/Webgl/WebGlDemo/src/webgpu/engine/gameObject/renderables/Model3D.ts": {"path":"/Users/alexandrebriere/Documents/Webgl/WebGlDemo/src/webgpu/engine/gameObject/renderables/Model3D.ts","statementMap":{"0":{"start":{"line":12,"column":25},"end":{"line":12,"column":null}},"1":{"start":{"line":20,"column":16},"end":{"line":20,"column":24}},"2":{"start":{"line":21,"column":19},"end":{"line":21,"column":null}},"3":{"start":{"line":22,"column":25},"end":{"line":22,"column":null}},"4":{"start":{"line":23,"column":12},"end":{"line":23,"column":null}},"5":{"start":{"line":38,"column":25},"end":{"line":38,"column":45}},"6":{"start":{"line":41,"column":4},"end":{"line":41,"column":null}},"7":{"start":{"line":42,"column":4},"end":{"line":42,"column":null}},"8":{"start":{"line":43,"column":4},"end":{"line":43,"column":null}},"9":{"start":{"line":44,"column":4},"end":{"line":44,"column":null}},"10":{"start":{"line":45,"column":4},"end":{"line":45,"column":null}},"11":{"start":{"line":46,"column":17},"end":{"line":46,"column":null}},"12":{"start":{"line":47,"column":4},"end":{"line":47,"column":null}},"13":{"start":{"line":48,"column":4},"end":{"line":48,"column":null}},"14":{"start":{"line":52,"column":68},"end":{"line":52,"column":null}},"15":{"start":{"line":53,"column":4},"end":{"line":53,"column":null}},"16":{"start":{"line":56,"column":4},"end":{"line":56,"column":null}},"17":{"start":{"line":57,"column":4},"end":{"line":57,"column":null}},"18":{"start":{"line":59,"column":4},"end":{"line":70,"column":null}},"19":{"start":{"line":75,"column":25},"end":{"line":78,"column":6}},"20":{"start":{"line":80,"column":4},"end":{"line":112,"column":null}},"21":{"start":{"line":116,"column":4},"end":{"line":116,"column":null}},"22":{"start":{"line":117,"column":4},"end":{"line":117,"column":null}},"23":{"start":{"line":118,"column":4},"end":{"line":118,"column":null}},"24":{"start":{"line":119,"column":4},"end":{"line":119,"column":null}},"25":{"start":{"line":120,"column":4},"end":{"line":120,"column":null}},"26":{"start":{"line":126,"column":4},"end":{"line":126,"column":null}},"27":{"start":{"line":127,"column":4},"end":{"line":127,"column":null}},"28":{"start":{"line":131,"column":4},"end":{"line":131,"column":null}},"29":{"start":{"line":132,"column":4},"end":{"line":132,"column":null}},"30":{"start":{"line":136,"column":4},"end":{"line":136,"column":null}},"31":{"start":{"line":137,"column":4},"end":{"line":137,"column":null}},"32":{"start":{"line":141,"column":4},"end":{"line":141,"column":null}},"33":{"start":{"line":145,"column":4},"end":{"line":145,"column":null}},"34":{"start":{"line":146,"column":4},"end":{"line":146,"column":null}},"35":{"start":{"line":147,"column":4},"end":{"line":147,"column":null}},"36":{"start":{"line":148,"column":4},"end":{"line":148,"column":null}},"37":{"start":{"line":149,"column":4},"end":{"line":151,"column":null}},"38":{"start":{"line":155,"column":4},"end":{"line":159,"column":null}},"39":{"start":{"line":169,"column":4},"end":{"line":169,"column":null}},"40":{"start":{"line":170,"column":4},"end":{"line":172,"column":null}}},"fnMap":{"0":{"name":"(anonymous_0)","decl":{"start":{"line":40,"column":2},"end":{"line":40,"column":14}},"loc":{"start":{"line":40,"column":36},"end":{"line":48,"column":null}},"line":40},"1":{"name":"(anonymous_1)","decl":{"start":{"line":51,"column":2},"end":{"line":51,"column":7}},"loc":{"start":{"line":51,"column":39},"end":{"line":112,"column":null}},"line":51},"2":{"name":"(anonymous_2)","decl":{"start":{"line":115,"column":2},"end":{"line":115,"column":9}},"loc":{"start":{"line":115,"column":60},"end":{"line":120,"column":null}},"line":115},"3":{"name":"(anonymous_3)","decl":{"start":{"line":125,"column":2},"end":{"line":125,"column":14}},"loc":{"start":{"line":125,"column":36},"end":{"line":127,"column":null}},"line":125},"4":{"name":"(anonymous_4)","decl":{"start":{"line":130,"column":2},"end":{"line":130,"column":11}},"loc":{"start":{"line":130,"column":50},"end":{"line":132,"column":null}},"line":130},"5":{"name":"(anonymous_5)","decl":{"start":{"line":135,"column":2},"end":{"line":135,"column":16}},"loc":{"start":{"line":135,"column":40},"end":{"line":137,"column":null}},"line":135},"6":{"name":"(anonymous_6)","decl":{"start":{"line":140,"column":6},"end":{"line":140,"column":48}},"loc":{"start":{"line":140,"column":48},"end":{"line":141,"column":null}},"line":140},"7":{"name":"(anonymous_7)","decl":{"start":{"line":144,"column":2},"end":{"line":144,"column":11}},"loc":{"start":{"line":144,"column":61},"end":{"line":151,"column":null}},"line":144},"8":{"name":"(anonymous_8)","decl":{"start":{"line":154,"column":2},"end":{"line":154,"column":19}},"loc":{"start":{"line":154,"column":19},"end":{"line":159,"column":null}},"line":154},"9":{"name":"(anonymous_9)","decl":{"start":{"line":162,"column":2},"end":{"line":162,"column":18}},"loc":{"start":{"line":162,"column":18},"end":{"line":162,"column":null}},"line":162},"10":{"name":"(anonymous_10)","decl":{"start":{"line":168,"column":2},"end":{"line":168,"column":10}},"loc":{"start":{"line":168,"column":33},"end":{"line":172,"column":null}},"line":168}},"branchMap":{"0":{"loc":{"start":{"line":46,"column":17},"end":{"line":46,"column":null}},"type":"binary-expr","locations":[{"start":{"line":46,"column":17},"end":{"line":46,"column":30}},{"start":{"line":46,"column":30},"end":{"line":46,"column":null}}],"line":46},"1":{"loc":{"start":{"line":60,"column":13},"end":{"line":60,"column":null}},"type":"cond-expr","locations":[{"start":{"line":60,"column":27},"end":{"line":60,"column":50}},{"start":{"line":60,"column":50},"end":{"line":60,"column":null}}],"line":60}},"s":{"0":1,"1":34,"2":34,"3":34,"4":34,"5":34,"6":34,"7":34,"8":34,"9":34,"10":34,"11":34,"12":34,"13":34,"14":13,"15":13,"16":13,"17":13,"18":13,"19":13,"20":13,"21":0,"22":0,"23":0,"24":0,"25":0,"26":1,"27":1,"28":1,"29":1,"30":1,"31":1,"32":14,"33":2,"34":2,"35":2,"36":2,"37":2,"38":9,"39":3,"40":3},"f":{"0":34,"1":13,"2":0,"3":1,"4":1,"5":1,"6":14,"7":2,"8":9,"9":3,"10":3},"b":{"0":[34,23],"1":[0,13]},"meta":{"lastBranch":2,"lastFunction":11,"lastStatement":41,"seen":{"s:12:25:12:Infinity":0,"s:20:16:20:24":1,"s:21:19:21:Infinity":2,"s:22:25:22:Infinity":3,"s:23:12:23:Infinity":4,"s:38:25:38:45":5,"f:40:2:40:14":0,"s:41:4:41:Infinity":6,"s:42:4:42:Infinity":7,"s:43:4:43:Infinity":8,"s:44:4:44:Infinity":9,"s:45:4:45:Infinity":10,"s:46:17:46:Infinity":11,"b:46:17:46:30:46:30:46:Infinity":0,"s:47:4:47:Infinity":12,"s:48:4:48:Infinity":13,"f:51:2:51:7":1,"s:52:68:52:Infinity":14,"s:53:4:53:Infinity":15,"s:56:4:56:Infinity":16,"s:57:4:57:Infinity":17,"s:59:4:70:Infinity":18,"b:60:27:60:50:60:50:60:Infinity":1,"s:75:25:78:6":19,"s:80:4:112:Infinity":20,"f:115:2:115:9":2,"s:116:4:116:Infinity":21,"s:117:4:117:Infinity":22,"s:118:4:118:Infinity":23,"s:119:4:119:Infinity":24,"s:120:4:120:Infinity":25,"f:125:2:125:14":3,"s:126:4:126:Infinity":26,"s:127:4:127:Infinity":27,"f:130:2:130:11":4,"s:131:4:131:Infinity":28,"s:132:4:132:Infinity":29,"f:135:2:135:16":5,"s:136:4:136:Infinity":30,"s:137:4:137:Infinity":31,"f:140:6:140:48":6,"s:141:4:141:Infinity":32,"f:144:2:144:11":7,"s:145:4:145:Infinity":33,"s:146:4:146:Infinity":34,"s:147:4:147:Infinity":35,"s:148:4:148:Infinity":36,"s:149:4:151:Infinity":37,"f:154:2:154:19":8,"s:155:4:159:Infinity":38,"f:162:2:162:18":9,"f:168:2:168:10":10,"s:169:4:169:Infinity":39,"s:170:4:172:Infinity":40}}}
,"/Users/alexandrebriere/Documents/Webgl/WebGlDemo/src/webgpu/engine/gameObject/renderables/ModelAsset.ts": {"path":"/Users/alexandrebriere/Documents/Webgl/WebGlDemo/src/webgpu/engine/gameObject/renderables/ModelAsset.ts","statementMap":{"0":{"start":{"line":20,"column":4},"end":{"line":20,"column":null}},"1":{"start":{"line":21,"column":4},"end":{"line":21,"column":null}},"2":{"start":{"line":23,"column":4},"end":{"line":27,"column":null}},"3":{"start":{"line":28,"column":4},"end":{"line":28,"column":null}},"4":{"start":{"line":30,"column":4},"end":{"line":34,"column":null}},"5":{"start":{"line":35,"column":4},"end":{"line":35,"column":null}},"6":{"start":{"line":39,"column":4},"end":{"line":39,"column":null}},"7":{"start":{"line":40,"column":4},"end":{"line":40,"column":null}}},"fnMap":{"0":{"name":"(anonymous_0)","decl":{"start":{"line":14,"column":2},"end":{"line":14,"column":null}},"loc":{"start":{"line":19,"column":4},"end":{"line":35,"column":null}},"line":19},"1":{"name":"(anonymous_1)","decl":{"start":{"line":38,"column":2},"end":{"line":38,"column":18}},"loc":{"start":{"line":38,"column":18},"end":{"line":40,"column":null}},"line":38}},"branchMap":{},"s":{"0":25,"1":25,"2":25,"3":25,"4":25,"5":25,"6":0,"7":0},"f":{"0":25,"1":0},"b":{},"meta":{"lastBranch":0,"lastFunction":2,"lastStatement":8,"seen":{"f:14:2:14:Infinity":0,"s:20:4:20:Infinity":0,"s:21:4:21:Infinity":1,"s:23:4:27:Infinity":2,"s:28:4:28:Infinity":3,"s:30:4:34:Infinity":4,"s:35:4:35:Infinity":5,"f:38:2:38:18":1,"s:39:4:39:Infinity":6,"s:40:4:40:Infinity":7}}}
,"/Users/alexandrebriere/Documents/Webgl/WebGlDemo/src/webgpu/engine/gameObject/renderables/Quad2D.ts": {"path":"/Users/alexandrebriere/Documents/Webgl/WebGlDemo/src/webgpu/engine/gameObject/renderables/Quad2D.ts","statementMap":{"0":{"start":{"line":15,"column":25},"end":{"line":15,"column":null}},"1":{"start":{"line":16,"column":28},"end":{"line":16,"column":null}},"2":{"start":{"line":19,"column":21},"end":{"line":19,"column":56}},"3":{"start":{"line":22,"column":16},"end":{"line":22,"column":24}},"4":{"start":{"line":23,"column":19},"end":{"line":23,"column":null}},"5":{"start":{"line":24,"column":25},"end":{"line":24,"column":null}},"6":{"start":{"line":25,"column":12},"end":{"line":25,"column":null}},"7":{"start":{"line":34,"column":25},"end":{"line":34,"column":45}},"8":{"start":{"line":36,"column":30},"end":{"line":36,"column":null}},"9":{"start":{"line":37,"column":30},"end":{"line":37,"column":null}},"10":{"start":{"line":38,"column":30},"end":{"line":38,"column":null}},"11":{"start":{"line":43,"column":4},"end":{"line":43,"column":null}},"12":{"start":{"line":44,"column":4},"end":{"line":44,"column":null}},"13":{"start":{"line":45,"column":4},"end":{"line":45,"column":null}},"14":{"start":{"line":46,"column":4},"end":{"line":46,"column":null}},"15":{"start":{"line":47,"column":4},"end":{"line":47,"column":null}},"16":{"start":{"line":48,"column":4},"end":{"line":48,"column":null}},"17":{"start":{"line":52,"column":75},"end":{"line":52,"column":null}},"18":{"start":{"line":53,"column":4},"end":{"line":53,"column":null}},"19":{"start":{"line":56,"column":18},"end":{"line":56,"column":69}},"20":{"start":{"line":57,"column":4},"end":{"line":57,"column":null}},"21":{"start":{"line":58,"column":4},"end":{"line":58,"column":null}},"22":{"start":{"line":61,"column":4},"end":{"line":65,"column":null}},"23":{"start":{"line":66,"column":4},"end":{"line":66,"column":null}},"24":{"start":{"line":69,"column":4},"end":{"line":69,"column":null}},"25":{"start":{"line":70,"column":4},"end":{"line":70,"column":null}},"26":{"start":{"line":72,"column":4},"end":{"line":83,"column":null}},"27":{"start":{"line":86,"column":22},"end":{"line":86,"column":null}},"28":{"start":{"line":87,"column":25},"end":{"line":87,"column":95}},"29":{"start":{"line":89,"column":4},"end":{"line":118,"column":null}},"30":{"start":{"line":122,"column":4},"end":{"line":122,"column":null}},"31":{"start":{"line":123,"column":4},"end":{"line":123,"column":null}},"32":{"start":{"line":124,"column":4},"end":{"line":124,"column":null}},"33":{"start":{"line":125,"column":4},"end":{"line":125,"column":null}},"34":{"start":{"line":126,"column":4},"end":{"line":126,"column":null}},"35":{"start":{"line":132,"column":4},"end":{"line":132,"column":null}},"36":{"start":{"line":136,"column":4},"end":{"line":136,"column":null}},"37":{"start":{"line":137,"column":4},"end":{"line":137,"column":null}},"38":{"start":{"line":138,"column":4},"end":{"line":138,"column":null}},"39":{"start":{"line":139,"column":4},"end":{"line":139,"column":null}},"40":{"start":{"line":140,"column":4},"end":{"line":142,"column":null}},"41":{"start":{"line":146,"column":4},"end":{"line":146,"column":null}},"42":{"start":{"line":147,"column":4},"end":{"line":147,"column":null}},"43":{"start":{"line":148,"column":4},"end":{"line":148,"column":null}},"44":{"start":{"line":152,"column":4},"end":{"line":152,"column":null}},"45":{"start":{"line":153,"column":4},"end":{"line":153,"column":null}},"46":{"start":{"line":157,"column":4},"end":{"line":157,"column":null}},"47":{"start":{"line":158,"column":4},"end":{"line":158,"column":null}},"48":{"start":{"line":159,"column":4},"end":{"line":159,"column":null}},"49":{"start":{"line":163,"column":4},"end":{"line":163,"column":null}},"50":{"start":{"line":164,"column":4},"end":{"line":164,"column":null}},"51":{"start":{"line":165,"column":4},"end":{"line":165,"column":null}},"52":{"start":{"line":166,"column":4},"end":{"line":166,"column":null}},"53":{"start":{"line":167,"column":4},"end":{"line":167,"column":null}},"54":{"start":{"line":168,"column":4},"end":{"line":168,"column":null}},"55":{"start":{"line":169,"column":4},"end":{"line":169,"column":null}},"56":{"start":{"line":173,"column":4},"end":{"line":173,"column":null}},"57":{"start":{"line":174,"column":4},"end":{"line":176,"column":null}},"58":{"start":{"line":180,"column":25},"end":{"line":180,"column":null}},"59":{"start":{"line":181,"column":23},"end":{"line":181,"column":null}},"60":{"start":{"line":182,"column":23},"end":{"line":182,"column":null}},"61":{"start":{"line":184,"column":4},"end":{"line":189,"column":null}},"62":{"start":{"line":193,"column":4},"end":{"line":193,"column":null}},"63":{"start":{"line":197,"column":4},"end":{"line":197,"column":null}},"64":{"start":{"line":198,"column":4},"end":{"line":198,"column":null}}},"fnMap":{"0":{"name":"(anonymous_0)","decl":{"start":{"line":42,"column":2},"end":{"line":42,"column":14}},"loc":{"start":{"line":42,"column":35},"end":{"line":48,"column":null}},"line":42},"1":{"name":"(anonymous_1)","decl":{"start":{"line":51,"column":2},"end":{"line":51,"column":7}},"loc":{"start":{"line":51,"column":39},"end":{"line":118,"column":null}},"line":51},"2":{"name":"(anonymous_2)","decl":{"start":{"line":121,"column":2},"end":{"line":121,"column":9}},"loc":{"start":{"line":121,"column":60},"end":{"line":126,"column":null}},"line":121},"3":{"name":"(anonymous_3)","decl":{"start":{"line":131,"column":6},"end":{"line":131,"column":48}},"loc":{"start":{"line":131,"column":48},"end":{"line":132,"column":null}},"line":131},"4":{"name":"(anonymous_4)","decl":{"start":{"line":135,"column":2},"end":{"line":135,"column":11}},"loc":{"start":{"line":135,"column":61},"end":{"line":142,"column":null}},"line":135},"5":{"name":"(anonymous_5)","decl":{"start":{"line":145,"column":2},"end":{"line":145,"column":14}},"loc":{"start":{"line":145,"column":36},"end":{"line":148,"column":null}},"line":145},"6":{"name":"(anonymous_6)","decl":{"start":{"line":151,"column":2},"end":{"line":151,"column":16}},"loc":{"start":{"line":151,"column":40},"end":{"line":153,"column":null}},"line":151},"7":{"name":"(anonymous_7)","decl":{"start":{"line":156,"column":2},"end":{"line":156,"column":11}},"loc":{"start":{"line":156,"column":50},"end":{"line":159,"column":null}},"line":156},"8":{"name":"(anonymous_8)","decl":{"start":{"line":162,"column":2},"end":{"line":162,"column":10}},"loc":{"start":{"line":162,"column":69},"end":{"line":169,"column":null}},"line":162},"9":{"name":"(anonymous_9)","decl":{"start":{"line":172,"column":2},"end":{"line":172,"column":10}},"loc":{"start":{"line":172,"column":33},"end":{"line":176,"column":null}},"line":172},"10":{"name":"(anonymous_10)","decl":{"start":{"line":179,"column":2},"end":{"line":179,"column":10}},"loc":{"start":{"line":179,"column":67},"end":{"line":189,"column":null}},"line":179},"11":{"name":"(anonymous_11)","decl":{"start":{"line":192,"column":2},"end":{"line":192,"column":18}},"loc":{"start":{"line":192,"column":18},"end":{"line":193,"column":null}},"line":192},"12":{"name":"(anonymous_12)","decl":{"start":{"line":196,"column":2},"end":{"line":196,"column":18}},"loc":{"start":{"line":196,"column":18},"end":{"line":198,"column":null}},"line":196}},"branchMap":{"0":{"loc":{"start":{"line":62,"column":13},"end":{"line":62,"column":null}},"type":"cond-expr","locations":[{"start":{"line":62,"column":32},"end":{"line":62,"column":60}},{"start":{"line":62,"column":60},"end":{"line":62,"column":null}}],"line":62},"1":{"loc":{"start":{"line":73,"column":13},"end":{"line":73,"column":null}},"type":"cond-expr","locations":[{"start":{"line":73,"column":32},"end":{"line":73,"column":60}},{"start":{"line":73,"column":60},"end":{"line":73,"column":null}}],"line":73}},"s":{"0":1,"1":1,"2":1,"3":27,"4":27,"5":27,"6":27,"7":27,"8":27,"9":27,"10":27,"11":27,"12":27,"13":27,"14":27,"15":27,"16":27,"17":14,"18":14,"19":14,"20":14,"21":14,"22":14,"23":14,"24":14,"25":14,"26":14,"27":14,"28":14,"29":14,"30":0,"31":0,"32":0,"33":0,"34":0,"35":3,"36":2,"37":2,"38":2,"39":2,"40":2,"41":1,"42":1,"43":1,"44":1,"45":1,"46":1,"47":1,"48":1,"49":2,"50":2,"51":2,"52":2,"53":2,"54":2,"55":2,"56":5,"57":5,"58":17,"59":17,"60":17,"61":17,"62":4,"63":2,"64":2},"f":{"0":27,"1":14,"2":0,"3":3,"4":2,"5":1,"6":1,"7":1,"8":2,"9":5,"10":17,"11":4,"12":2},"b":{"0":[0,14],"1":[0,14]},"meta":{"lastBranch":2,"lastFunction":13,"lastStatement":65,"seen":{"s:15:25:15:Infinity":0,"s:16:28:16:Infinity":1,"s:19:21:19:56":2,"s:22:16:22:24":3,"s:23:19:23:Infinity":4,"s:24:25:24:Infinity":5,"s:25:12:25:Infinity":6,"s:34:25:34:45":7,"s:36:30:36:Infinity":8,"s:37:30:37:Infinity":9,"s:38:30:38:Infinity":10,"f:42:2:42:14":0,"s:43:4:43:Infinity":11,"s:44:4:44:Infinity":12,"s:45:4:45:Infinity":13,"s:46:4:46:Infinity":14,"s:47:4:47:Infinity":15,"s:48:4:48:Infinity":16,"f:51:2:51:7":1,"s:52:75:52:Infinity":17,"s:53:4:53:Infinity":18,"s:56:18:56:69":19,"s:57:4:57:Infinity":20,"s:58:4:58:Infinity":21,"s:61:4:65:Infinity":22,"b:62:32:62:60:62:60:62:Infinity":0,"s:66:4:66:Infinity":23,"s:69:4:69:Infinity":24,"s:70:4:70:Infinity":25,"s:72:4:83:Infinity":26,"b:73:32:73:60:73:60:73:Infinity":1,"s:86:22:86:Infinity":27,"s:87:25:87:95":28,"s:89:4:118:Infinity":29,"f:121:2:121:9":2,"s:122:4:122:Infinity":30,"s:123:4:123:Infinity":31,"s:124:4:124:Infinity":32,"s:125:4:125:Infinity":33,"s:126:4:126:Infinity":34,"f:131:6:131:48":3,"s:132:4:132:Infinity":35,"f:135:2:135:11":4,"s:136:4:136:Infinity":36,"s:137:4:137:Infinity":37,"s:138:4:138:Infinity":38,"s:139:4:139:Infinity":39,"s:140:4:142:Infinity":40,"f:145:2:145:14":5,"s:146:4:146:Infinity":41,"s:147:4:147:Infinity":42,"s:148:4:148:Infinity":43,"f:151:2:151:16":6,"s:152:4:152:Infinity":44,"s:153:4:153:Infinity":45,"f:156:2:156:11":7,"s:157:4:157:Infinity":46,"s:158:4:158:Infinity":47,"s:159:4:159:Infinity":48,"f:162:2:162:10":8,"s:163:4:163:Infinity":49,"s:164:4:164:Infinity":50,"s:165:4:165:Infinity":51,"s:166:4:166:Infinity":52,"s:167:4:167:Infinity":53,"s:168:4:168:Infinity":54,"s:169:4:169:Infinity":55,"f:172:2:172:10":9,"s:173:4:173:Infinity":56,"s:174:4:176:Infinity":57,"f:179:2:179:10":10,"s:180:25:180:Infinity":58,"s:181:23:181:Infinity":59,"s:182:23:182:Infinity":60,"s:184:4:189:Infinity":61,"f:192:2:192:18":11,"s:193:4:193:Infinity":62,"f:196:2:196:18":12,"s:197:4:197:Infinity":63,"s:198:4:198:Infinity":64}}}
,"/Users/alexandrebriere/Documents/Webgl/WebGlDemo/src/webgpu/engine/gameObject/renderables/Quad3D.ts": {"path":"/Users/alexandrebriere/Documents/Webgl/WebGlDemo/src/webgpu/engine/gameObject/renderables/Quad3D.ts","statementMap":{"0":{"start":{"line":16,"column":25},"end":{"line":16,"column":null}},"1":{"start":{"line":17,"column":28},"end":{"line":17,"column":null}},"2":{"start":{"line":19,"column":21},"end":{"line":19,"column":56}},"3":{"start":{"line":23,"column":16},"end":{"line":23,"column":24}},"4":{"start":{"line":24,"column":19},"end":{"line":24,"column":null}},"5":{"start":{"line":25,"column":25},"end":{"line":25,"column":null}},"6":{"start":{"line":26,"column":12},"end":{"line":26,"column":null}},"7":{"start":{"line":35,"column":25},"end":{"line":35,"column":45}},"8":{"start":{"line":37,"column":30},"end":{"line":37,"column":null}},"9":{"start":{"line":38,"column":30},"end":{"line":38,"column":null}},"10":{"start":{"line":39,"column":30},"end":{"line":39,"column":null}},"11":{"start":{"line":42,"column":4},"end":{"line":42,"column":null}},"12":{"start":{"line":43,"column":4},"end":{"line":43,"column":null}},"13":{"start":{"line":44,"column":4},"end":{"line":44,"column":null}},"14":{"start":{"line":48,"column":75},"end":{"line":48,"column":null}},"15":{"start":{"line":49,"column":4},"end":{"line":49,"column":null}},"16":{"start":{"line":52,"column":18},"end":{"line":52,"column":46}},"17":{"start":{"line":53,"column":4},"end":{"line":53,"column":null}},"18":{"start":{"line":54,"column":4},"end":{"line":54,"column":null}},"19":{"start":{"line":57,"column":4},"end":{"line":61,"column":null}},"20":{"start":{"line":62,"column":4},"end":{"line":62,"column":null}},"21":{"start":{"line":65,"column":4},"end":{"line":65,"column":null}},"22":{"start":{"line":66,"column":4},"end":{"line":66,"column":null}},"23":{"start":{"line":68,"column":4},"end":{"line":79,"column":null}},"24":{"start":{"line":82,"column":22},"end":{"line":82,"column":null}},"25":{"start":{"line":83,"column":25},"end":{"line":83,"column":95}},"26":{"start":{"line":85,"column":4},"end":{"line":118,"column":null}},"27":{"start":{"line":122,"column":4},"end":{"line":122,"column":null}},"28":{"start":{"line":123,"column":4},"end":{"line":123,"column":null}},"29":{"start":{"line":124,"column":4},"end":{"line":124,"column":null}},"30":{"start":{"line":125,"column":4},"end":{"line":125,"column":null}},"31":{"start":{"line":126,"column":4},"end":{"line":126,"column":null}},"32":{"start":{"line":132,"column":4},"end":{"line":132,"column":null}},"33":{"start":{"line":136,"column":4},"end":{"line":136,"column":null}},"34":{"start":{"line":137,"column":4},"end":{"line":137,"column":null}},"35":{"start":{"line":138,"column":4},"end":{"line":138,"column":null}},"36":{"start":{"line":139,"column":4},"end":{"line":139,"column":null}},"37":{"start":{"line":140,"column":4},"end":{"line":142,"column":null}},"38":{"start":{"line":146,"column":4},"end":{"line":146,"column":null}},"39":{"start":{"line":147,"column":4},"end":{"line":147,"column":null}},"40":{"start":{"line":151,"column":4},"end":{"line":151,"column":null}},"41":{"start":{"line":152,"column":4},"end":{"line":152,"column":null}},"42":{"start":{"line":156,"column":4},"end":{"line":156,"column":null}},"43":{"start":{"line":157,"column":4},"end":{"line":157,"column":null}},"44":{"start":{"line":161,"column":4},"end":{"line":161,"column":null}},"45":{"start":{"line":162,"column":4},"end":{"line":164,"column":null}},"46":{"start":{"line":168,"column":4},"end":{"line":168,"column":null}},"47":{"start":{"line":169,"column":4},"end":{"line":171,"column":null}},"48":{"start":{"line":179,"column":25},"end":{"line":179,"column":null}},"49":{"start":{"line":180,"column":14},"end":{"line":180,"column":null}},"50":{"start":{"line":181,"column":19},"end":{"line":181,"column":33}},"51":{"start":{"line":182,"column":15},"end":{"line":182,"column":null}},"52":{"start":{"line":183,"column":15},"end":{"line":183,"column":null}},"53":{"start":{"line":184,"column":25},"end":{"line":184,"column":null}},"54":{"start":{"line":187,"column":16},"end":{"line":187,"column":null}},"55":{"start":{"line":188,"column":10},"end":{"line":188,"column":39}},"56":{"start":{"line":189,"column":19},"end":{"line":189,"column":33}},"57":{"start":{"line":190,"column":19},"end":{"line":190,"column":59}},"58":{"start":{"line":192,"column":16},"end":{"line":197,"column":null}},"59":{"start":{"line":199,"column":17},"end":{"line":199,"column":40}},"60":{"start":{"line":200,"column":4},"end":{"line":209,"column":null}},"61":{"start":{"line":200,"column":17},"end":{"line":200,"column":20}},"62":{"start":{"line":201,"column":19},"end":{"line":201,"column":null}},"63":{"start":{"line":202,"column":6},"end":{"line":202,"column":null}},"64":{"start":{"line":203,"column":6},"end":{"line":203,"column":null}},"65":{"start":{"line":204,"column":6},"end":{"line":204,"column":null}},"66":{"start":{"line":205,"column":6},"end":{"line":205,"column":null}},"67":{"start":{"line":206,"column":6},"end":{"line":206,"column":null}},"68":{"start":{"line":207,"column":6},"end":{"line":207,"column":null}},"69":{"start":{"line":208,"column":6},"end":{"line":208,"column":null}},"70":{"start":{"line":209,"column":6},"end":{"line":209,"column":null}},"71":{"start":{"line":211,"column":4},"end":{"line":211,"column":null}},"72":{"start":{"line":215,"column":4},"end":{"line":215,"column":null}},"73":{"start":{"line":219,"column":4},"end":{"line":219,"column":null}},"74":{"start":{"line":220,"column":4},"end":{"line":220,"column":null}}},"fnMap":{"0":{"name":"(anonymous_0)","decl":{"start":{"line":41,"column":2},"end":{"line":41,"column":14}},"loc":{"start":{"line":41,"column":35},"end":{"line":44,"column":null}},"line":41},"1":{"name":"(anonymous_1)","decl":{"start":{"line":47,"column":2},"end":{"line":47,"column":7}},"loc":{"start":{"line":47,"column":39},"end":{"line":118,"column":null}},"line":47},"2":{"name":"(anonymous_2)","decl":{"start":{"line":121,"column":2},"end":{"line":121,"column":9}},"loc":{"start":{"line":121,"column":60},"end":{"line":126,"column":null}},"line":121},"3":{"name":"(anonymous_3)","decl":{"start":{"line":131,"column":6},"end":{"line":131,"column":48}},"loc":{"start":{"line":131,"column":48},"end":{"line":132,"column":null}},"line":131},"4":{"name":"(anonymous_4)","decl":{"start":{"line":135,"column":2},"end":{"line":135,"column":11}},"loc":{"start":{"line":135,"column":61},"end":{"line":142,"column":null}},"line":135},"5":{"name":"(anonymous_5)","decl":{"start":{"line":145,"column":2},"end":{"line":145,"column":14}},"loc":{"start":{"line":145,"column":36},"end":{"line":147,"column":null}},"line":145},"6":{"name":"(anonymous_6)","decl":{"start":{"line":150,"column":2},"end":{"line":150,"column":16}},"loc":{"start":{"line":150,"column":40},"end":{"line":152,"column":null}},"line":150},"7":{"name":"(anonymous_7)","decl":{"start":{"line":155,"column":2},"end":{"line":155,"column":11}},"loc":{"start":{"line":155,"column":50},"end":{"line":157,"column":null}},"line":155},"8":{"name":"(anonymous_8)","decl":{"start":{"line":160,"column":2},"end":{"line":160,"column":17}},"loc":{"start":{"line":160,"column":42},"end":{"line":164,"column":null}},"line":160},"9":{"name":"(anonymous_9)","decl":{"start":{"line":167,"column":2},"end":{"line":167,"column":10}},"loc":{"start":{"line":167,"column":33},"end":{"line":171,"column":null}},"line":167},"10":{"name":"(anonymous_10)","decl":{"start":{"line":178,"column":2},"end":{"line":178,"column":10}},"loc":{"start":{"line":178,"column":54},"end":{"line":211,"column":null}},"line":178},"11":{"name":"(anonymous_11)","decl":{"start":{"line":214,"column":2},"end":{"line":214,"column":18}},"loc":{"start":{"line":214,"column":18},"end":{"line":215,"column":null}},"line":214},"12":{"name":"(anonymous_12)","decl":{"start":{"line":218,"column":2},"end":{"line":218,"column":18}},"loc":{"start":{"line":218,"column":18},"end":{"line":220,"column":null}},"line":218}},"branchMap":{"0":{"loc":{"start":{"line":58,"column":13},"end":{"line":58,"column":null}},"type":"cond-expr","locations":[{"start":{"line":58,"column":32},"end":{"line":58,"column":60}},{"start":{"line":58,"column":60},"end":{"line":58,"column":null}}],"line":58},"1":{"loc":{"start":{"line":69,"column":13},"end":{"line":69,"column":null}},"type":"cond-expr","locations":[{"start":{"line":69,"column":32},"end":{"line":69,"column":60}},{"start":{"line":69,"column":60},"end":{"line":69,"column":null}}],"line":69},"2":{"loc":{"start":{"line":180,"column":14},"end":{"line":180,"column":null}},"type":"binary-expr","locations":[{"start":{"line":180,"column":14},"end":{"line":180,"column":26}},{"start":{"line":180,"column":26},"end":{"line":180,"column":null}}],"line":180},"3":{"loc":{"start":{"line":187,"column":16},"end":{"line":187,"column":null}},"type":"cond-expr","locations":[{"start":{"line":187,"column":37},"end":{"line":187,"column":49}},{"start":{"line":187,"column":49},"end":{"line":187,"column":null}}],"line":187}},"s":{"0":1,"1":1,"2":1,"3":27,"4":27,"5":27,"6":27,"7":27,"8":27,"9":27,"10":27,"11":27,"12":27,"13":27,"14":14,"15":14,"16":14,"17":14,"18":14,"19":14,"20":14,"21":14,"22":14,"23":14,"24":14,"25":14,"26":14,"27":0,"28":0,"29":0,"30":0,"31":0,"32":6,"33":2,"34":2,"35":2,"36":2,"37":2,"38":1,"39":1,"40":1,"41":1,"42":1,"43":1,"44":0,"45":0,"46":3,"47":3,"48":14,"49":14,"50":14,"51":14,"52":14,"53":14,"54":14,"55":14,"56":14,"57":14,"58":14,"59":14,"60":14,"61":14,"62":56,"63":56,"64":56,"65":56,"66":56,"67":56,"68":56,"69":56,"70":56,"71":14,"72":4,"73":2,"74":2},"f":{"0":27,"1":14,"2":0,"3":6,"4":2,"5":1,"6":1,"7":1,"8":0,"9":3,"10":14,"11":4,"12":2},"b":{"0":[0,14],"1":[0,14],"2":[14,13],"3":[1,13]},"meta":{"lastBranch":4,"lastFunction":13,"lastStatement":75,"seen":{"s:16:25:16:Infinity":0,"s:17:28:17:Infinity":1,"s:19:21:19:56":2,"s:23:16:23:24":3,"s:24:19:24:Infinity":4,"s:25:25:25:Infinity":5,"s:26:12:26:Infinity":6,"s:35:25:35:45":7,"s:37:30:37:Infinity":8,"s:38:30:38:Infinity":9,"s:39:30:39:Infinity":10,"f:41:2:41:14":0,"s:42:4:42:Infinity":11,"s:43:4:43:Infinity":12,"s:44:4:44:Infinity":13,"f:47:2:47:7":1,"s:48:75:48:Infinity":14,"s:49:4:49:Infinity":15,"s:52:18:52:46":16,"s:53:4:53:Infinity":17,"s:54:4:54:Infinity":18,"s:57:4:61:Infinity":19,"b:58:32:58:60:58:60:58:Infinity":0,"s:62:4:62:Infinity":20,"s:65:4:65:Infinity":21,"s:66:4:66:Infinity":22,"s:68:4:79:Infinity":23,"b:69:32:69:60:69:60:69:Infinity":1,"s:82:22:82:Infinity":24,"s:83:25:83:95":25,"s:85:4:118:Infinity":26,"f:121:2:121:9":2,"s:122:4:122:Infinity":27,"s:123:4:123:Infinity":28,"s:124:4:124:Infinity":29,"s:125:4:125:Infinity":30,"s:126:4:126:Infinity":31,"f:131:6:131:48":3,"s:132:4:132:Infinity":32,"f:135:2:135:11":4,"s:136:4:136:Infinity":33,"s:137:4:137:Infinity":34,"s:138:4:138:Infinity":35,"s:139:4:139:Infinity":36,"s:140:4:142:Infinity":37,"f:145:2:145:14":5,"s:146:4:146:Infinity":38,"s:147:4:147:Infinity":39,"f:150:2:150:16":6,"s:151:4:151:Infinity":40,"s:152:4:152:Infinity":41,"f:155:2:155:11":7,"s:156:4:156:Infinity":42,"s:157:4:157:Infinity":43,"f:160:2:160:17":8,"s:161:4:161:Infinity":44,"s:162:4:164:Infinity":45,"f:167:2:167:10":9,"s:168:4:168:Infinity":46,"s:169:4:171:Infinity":47,"f:178:2:178:10":10,"s:179:25:179:Infinity":48,"s:180:14:180:Infinity":49,"b:180:14:180:26:180:26:180:Infinity":2,"s:181:19:181:33":50,"s:182:15:182:Infinity":51,"s:183:15:183:Infinity":52,"s:184:25:184:Infinity":53,"s:187:16:187:Infinity":54,"b:187:37:187:49:187:49:187:Infinity":3,"s:188:10:188:39":55,"s:189:19:189:33":56,"s:190:19:190:59":57,"s:192:16:197:Infinity":58,"s:199:17:199:40":59,"s:200:4:209:Infinity":60,"s:200:17:200:20":61,"s:201:19:201:Infinity":62,"s:202:6:202:Infinity":63,"s:203:6:203:Infinity":64,"s:204:6:204:Infinity":65,"s:205:6:205:Infinity":66,"s:206:6:206:Infinity":67,"s:207:6:207:Infinity":68,"s:208:6:208:Infinity":69,"s:209:6:209:Infinity":70,"s:211:4:211:Infinity":71,"f:214:2:214:18":11,"s:215:4:215:Infinity":72,"f:218:2:218:18":12,"s:219:4:219:Infinity":73,"s:220:4:220:Infinity":74}}}
,"/Users/alexandrebriere/Documents/Webgl/WebGlDemo/src/webgpu/engine/gameObject/rigidbody/Rigidbody3D.ts": {"path":"/Users/alexandrebriere/Documents/Webgl/WebGlDemo/src/webgpu/engine/gameObject/rigidbody/Rigidbody3D.ts","statementMap":{"0":{"start":{"line":31,"column":21},"end":{"line":31,"column":null}},"1":{"start":{"line":33,"column":21},"end":{"line":33,"column":null}},"2":{"start":{"line":34,"column":21},"end":{"line":34,"column":null}},"3":{"start":{"line":43,"column":4},"end":{"line":43,"column":null}},"4":{"start":{"line":44,"column":4},"end":{"line":44,"column":null}},"5":{"start":{"line":45,"column":4},"end":{"line":45,"column":null}},"6":{"start":{"line":46,"column":4},"end":{"line":46,"column":null}},"7":{"start":{"line":47,"column":4},"end":{"line":47,"column":null}},"8":{"start":{"line":48,"column":4},"end":{"line":48,"column":null}},"9":{"start":{"line":49,"column":4},"end":{"line":49,"column":null}}},"fnMap":{"0":{"name":"(anonymous_0)","decl":{"start":{"line":42,"column":2},"end":{"line":42,"column":14}},"loc":{"start":{"line":42,"column":40},"end":{"line":49,"column":null}},"line":42}},"branchMap":{"0":{"loc":{"start":{"line":44,"column":22},"end":{"line":44,"column":null}},"type":"binary-expr","locations":[{"start":{"line":44,"column":22},"end":{"line":44,"column":41}},{"start":{"line":44,"column":41},"end":{"line":44,"column":null}}],"line":44},"1":{"loc":{"start":{"line":45,"column":22},"end":{"line":45,"column":null}},"type":"binary-expr","locations":[{"start":{"line":45,"column":22},"end":{"line":45,"column":41}},{"start":{"line":45,"column":41},"end":{"line":45,"column":null}}],"line":45},"2":{"loc":{"start":{"line":46,"column":22},"end":{"line":46,"column":null}},"type":"binary-expr","locations":[{"start":{"line":46,"column":22},"end":{"line":46,"column":41}},{"start":{"line":46,"column":41},"end":{"line":46,"column":null}}],"line":46},"3":{"loc":{"start":{"line":47,"column":22},"end":{"line":47,"column":null}},"type":"binary-expr","locations":[{"start":{"line":47,"column":22},"end":{"line":47,"column":41}},{"start":{"line":47,"column":41},"end":{"line":47,"column":null}}],"line":47},"4":{"loc":{"start":{"line":48,"column":23},"end":{"line":48,"column":null}},"type":"binary-expr","locations":[{"start":{"line":48,"column":23},"end":{"line":48,"column":43}},{"start":{"line":48,"column":43},"end":{"line":48,"column":null}}],"line":48},"5":{"loc":{"start":{"line":49,"column":23},"end":{"line":49,"column":null}},"type":"binary-expr","locations":[{"start":{"line":49,"column":23},"end":{"line":49,"column":43}},{"start":{"line":49,"column":43},"end":{"line":49,"column":null}}],"line":49}},"s":{"0":36,"1":36,"2":36,"3":36,"4":36,"5":36,"6":36,"7":36,"8":36,"9":36},"f":{"0":36},"b":{"0":[36,10],"1":[36,12],"2":[36,0],"3":[36,12],"4":[36,32],"5":[36,34]},"meta":{"lastBranch":6,"lastFunction":1,"lastStatement":10,"seen":{"s:31:21:31:Infinity":0,"s:33:21:33:Infinity":1,"s:34:21:34:Infinity":2,"f:42:2:42:14":0,"s:43:4:43:Infinity":3,"s:44:4:44:Infinity":4,"b:44:22:44:41:44:41:44:Infinity":0,"s:45:4:45:Infinity":5,"b:45:22:45:41:45:41:45:Infinity":1,"s:46:4:46:Infinity":6,"b:46:22:46:41:46:41:46:Infinity":2,"s:47:4:47:Infinity":7,"b:47:22:47:41:47:41:47:Infinity":3,"s:48:4:48:Infinity":8,"b:48:23:48:43:48:43:48:Infinity":4,"s:49:4:49:Infinity":9,"b:49:23:49:43:49:43:49:Infinity":5}}}
,"/Users/alexandrebriere/Documents/Webgl/WebGlDemo/src/webgpu/engine/gameObject/rigidbody/broadPhase.ts": {"path":"/Users/alexandrebriere/Documents/Webgl/WebGlDemo/src/webgpu/engine/gameObject/rigidbody/broadPhase.ts","statementMap":{"0":{"start":{"line":8,"column":2},"end":{"line":12,"column":null}},"1":{"start":{"line":16,"column":17},"end":{"line":16,"column":null}},"2":{"start":{"line":17,"column":2},"end":{"line":69,"column":null}},"3":{"start":{"line":19,"column":22},"end":{"line":19,"column":null}},"4":{"start":{"line":20,"column":6},"end":{"line":23,"column":null}},"5":{"start":{"line":26,"column":27},"end":{"line":26,"column":null}},"6":{"start":{"line":27,"column":19},"end":{"line":27,"column":53}},"7":{"start":{"line":28,"column":48},"end":{"line":28,"column":null}},"8":{"start":{"line":29,"column":48},"end":{"line":29,"column":null}},"9":{"start":{"line":30,"column":6},"end":{"line":40,"column":null}},"10":{"start":{"line":30,"column":23},"end":{"line":30,"column":27}},"11":{"start":{"line":31,"column":8},"end":{"line":40,"column":null}},"12":{"start":{"line":31,"column":25},"end":{"line":31,"column":29}},"13":{"start":{"line":32,"column":10},"end":{"line":40,"column":null}},"14":{"start":{"line":32,"column":27},"end":{"line":32,"column":31}},"15":{"start":{"line":33,"column":56},"end":{"line":37,"column":null}},"16":{"start":{"line":38,"column":12},"end":{"line":40,"column":null}},"17":{"start":{"line":38,"column":25},"end":{"line":38,"column":28}},"18":{"start":{"line":39,"column":14},"end":{"line":39,"column":null}},"19":{"start":{"line":39,"column":49},"end":{"line":39,"column":null}},"20":{"start":{"line":40,"column":14},"end":{"line":40,"column":null}},"21":{"start":{"line":40,"column":49},"end":{"line":40,"column":null}},"22":{"start":{"line":45,"column":6},"end":{"line":45,"column":null}},"23":{"start":{"line":48,"column":22},"end":{"line":48,"column":null}},"24":{"start":{"line":49,"column":25},"end":{"line":49,"column":null}},"25":{"start":{"line":50,"column":45},"end":{"line":50,"column":null}},"26":{"start":{"line":51,"column":6},"end":{"line":62,"column":null}},"27":{"start":{"line":65,"column":27},"end":{"line":65,"column":null}},"28":{"start":{"line":66,"column":6},"end":{"line":69,"column":null}},"29":{"start":{"line":75,"column":2},"end":{"line":77,"column":null}}},"fnMap":{"0":{"name":"extractOBBAxes","decl":{"start":{"line":7,"column":16},"end":{"line":7,"column":31}},"loc":{"start":{"line":7,"column":130},"end":{"line":12,"column":null}},"line":7},"1":{"name":"computeWorldAABB","decl":{"start":{"line":15,"column":16},"end":{"line":15,"column":33}},"loc":{"start":{"line":15,"column":57},"end":{"line":69,"column":null}},"line":15},"2":{"name":"aabbOverlap","decl":{"start":{"line":74,"column":16},"end":{"line":74,"column":28}},"loc":{"start":{"line":74,"column":55},"end":{"line":77,"column":null}},"line":74}},"branchMap":{"0":{"loc":{"start":{"line":17,"column":2},"end":{"line":69,"column":null}},"type":"switch","locations":[{"start":{"line":18,"column":4},"end":{"line":23,"column":null}},{"start":{"line":25,"column":4},"end":{"line":45,"column":null}},{"start":{"line":47,"column":4},"end":{"line":62,"column":null}},{"start":{"line":64,"column":4},"end":{"line":69,"column":null}}],"line":17},"1":{"loc":{"start":{"line":39,"column":14},"end":{"line":39,"column":null}},"type":"if","locations":[{"start":{"line":39,"column":14},"end":{"line":39,"column":null}},{"start":{},"end":{}}],"line":39},"2":{"loc":{"start":{"line":40,"column":14},"end":{"line":40,"column":null}},"type":"if","locations":[{"start":{"line":40,"column":14},"end":{"line":40,"column":null}},{"start":{},"end":{}}],"line":40},"3":{"loc":{"start":{"line":75,"column":9},"end":{"line":77,"column":null}},"type":"binary-expr","locations":[{"start":{"line":75,"column":9},"end":{"line":75,"column":32}},{"start":{"line":75,"column":32},"end":{"line":75,"column":null}},{"start":{"line":76,"column":9},"end":{"line":76,"column":32}},{"start":{"line":76,"column":32},"end":{"line":76,"column":null}},{"start":{"line":77,"column":9},"end":{"line":77,"column":32}},{"start":{"line":77,"column":32},"end":{"line":77,"column":null}}],"line":75}},"s":{"0":3,"1":29,"2":29,"3":23,"4":23,"5":3,"6":3,"7":3,"8":3,"9":3,"10":3,"11":6,"12":6,"13":12,"14":12,"15":24,"16":24,"17":24,"18":72,"19":9,"20":72,"21":18,"22":3,"23":1,"24":1,"25":1,"26":1,"27":2,"28":2,"29":20},"f":{"0":3,"1":29,"2":20},"b":{"0":[23,3,1,2],"1":[9,63],"2":[18,54],"3":[20,15,15,14,14,12]},"meta":{"lastBranch":4,"lastFunction":3,"lastStatement":30,"seen":{"f:7:16:7:31":0,"s:8:2:12:Infinity":0,"f:15:16:15:33":1,"s:16:17:16:Infinity":1,"b:18:4:23:Infinity:25:4:45:Infinity:47:4:62:Infinity:64:4:69:Infinity":0,"s:17:2:69:Infinity":2,"s:19:22:19:Infinity":3,"s:20:6:23:Infinity":4,"s:26:27:26:Infinity":5,"s:27:19:27:53":6,"s:28:48:28:Infinity":7,"s:29:48:29:Infinity":8,"s:30:6:40:Infinity":9,"s:30:23:30:27":10,"s:31:8:40:Infinity":11,"s:31:25:31:29":12,"s:32:10:40:Infinity":13,"s:32:27:32:31":14,"s:33:56:37:Infinity":15,"s:38:12:40:Infinity":16,"s:38:25:38:28":17,"b:39:14:39:Infinity:undefined:undefined:undefined:undefined":1,"s:39:14:39:Infinity":18,"s:39:49:39:Infinity":19,"b:40:14:40:Infinity:undefined:undefined:undefined:undefined":2,"s:40:14:40:Infinity":20,"s:40:49:40:Infinity":21,"s:45:6:45:Infinity":22,"s:48:22:48:Infinity":23,"s:49:25:49:Infinity":24,"s:50:45:50:Infinity":25,"s:51:6:62:Infinity":26,"s:65:27:65:Infinity":27,"s:66:6:69:Infinity":28,"f:74:16:74:28":2,"s:75:2:77:Infinity":29,"b:75:9:75:32:75:32:75:Infinity:76:9:76:32:76:32:76:Infinity:77:9:77:32:77:32:77:Infinity":3}}}
,"/Users/alexandrebriere/Documents/Webgl/WebGlDemo/src/webgpu/engine/gameObject/rigidbody/collisionStep.ts": {"path":"/Users/alexandrebriere/Documents/Webgl/WebGlDemo/src/webgpu/engine/gameObject/rigidbody/collisionStep.ts","statementMap":{"0":{"start":{"line":28,"column":2},"end":{"line":31,"column":null}},"1":{"start":{"line":29,"column":4},"end":{"line":31,"column":null}},"2":{"start":{"line":29,"column":17},"end":{"line":29,"column":20}},"3":{"start":{"line":30,"column":6},"end":{"line":31,"column":null}},"4":{"start":{"line":30,"column":19},"end":{"line":30,"column":26}},"5":{"start":{"line":31,"column":8},"end":{"line":31,"column":null}},"6":{"start":{"line":36,"column":2},"end":{"line":37,"column":null}},"7":{"start":{"line":37,"column":4},"end":{"line":37,"column":null}},"8":{"start":{"line":37,"column":28},"end":{"line":37,"column":null}},"9":{"start":{"line":44,"column":18},"end":{"line":44,"column":null}},"10":{"start":{"line":45,"column":18},"end":{"line":45,"column":null}},"11":{"start":{"line":47,"column":2},"end":{"line":47,"column":null}},"12":{"start":{"line":47,"column":74},"end":{"line":47,"column":null}},"13":{"start":{"line":49,"column":8},"end":{"line":49,"column":46}},"14":{"start":{"line":50,"column":2},"end":{"line":50,"column":null}},"15":{"start":{"line":50,"column":19},"end":{"line":50,"column":null}},"16":{"start":{"line":52,"column":2},"end":{"line":52,"column":null}},"17":{"start":{"line":53,"column":2},"end":{"line":53,"column":null}},"18":{"start":{"line":55,"column":28},"end":{"line":55,"column":null}},"19":{"start":{"line":56,"column":20},"end":{"line":56,"column":null}},"20":{"start":{"line":57,"column":20},"end":{"line":57,"column":null}},"21":{"start":{"line":58,"column":2},"end":{"line":58,"column":null}},"22":{"start":{"line":58,"column":30},"end":{"line":58,"column":null}},"23":{"start":{"line":62,"column":2},"end":{"line":79,"column":null}},"24":{"start":{"line":63,"column":22},"end":{"line":63,"column":null}},"25":{"start":{"line":64,"column":18},"end":{"line":64,"column":null}},"26":{"start":{"line":65,"column":18},"end":{"line":65,"column":null}},"27":{"start":{"line":66,"column":4},"end":{"line":66,"column":null}},"28":{"start":{"line":67,"column":4},"end":{"line":67,"column":null}},"29":{"start":{"line":68,"column":4},"end":{"line":68,"column":null}},"30":{"start":{"line":69,"column":4},"end":{"line":69,"column":null}},"31":{"start":{"line":70,"column":4},"end":{"line":70,"column":null}},"32":{"start":{"line":71,"column":4},"end":{"line":71,"column":null}},"33":{"start":{"line":72,"column":13},"end":{"line":79,"column":null}},"34":{"start":{"line":73,"column":4},"end":{"line":73,"column":null}},"35":{"start":{"line":74,"column":4},"end":{"line":74,"column":null}},"36":{"start":{"line":75,"column":4},"end":{"line":75,"column":null}},"37":{"start":{"line":77,"column":4},"end":{"line":77,"column":null}},"38":{"start":{"line":78,"column":4},"end":{"line":78,"column":null}},"39":{"start":{"line":79,"column":4},"end":{"line":79,"column":null}},"40":{"start":{"line":83,"column":19},"end":{"line":83,"column":null}},"41":{"start":{"line":84,"column":19},"end":{"line":84,"column":null}},"42":{"start":{"line":85,"column":16},"end":{"line":85,"column":null}},"43":{"start":{"line":86,"column":2},"end":{"line":97,"column":null}},"44":{"start":{"line":87,"column":10},"end":{"line":89,"column":null}},"45":{"start":{"line":90,"column":4},"end":{"line":97,"column":null}},"46":{"start":{"line":91,"column":22},"end":{"line":91,"column":null}},"47":{"start":{"line":92,"column":6},"end":{"line":92,"column":null}},"48":{"start":{"line":93,"column":6},"end":{"line":93,"column":null}},"49":{"start":{"line":94,"column":6},"end":{"line":94,"column":null}},"50":{"start":{"line":95,"column":6},"end":{"line":95,"column":null}},"51":{"start":{"line":96,"column":6},"end":{"line":96,"column":null}},"52":{"start":{"line":97,"column":6},"end":{"line":97,"column":null}},"53":{"start":{"line":102,"column":2},"end":{"line":102,"column":null}},"54":{"start":{"line":102,"column":18},"end":{"line":102,"column":null}},"55":{"start":{"line":103,"column":2},"end":{"line":103,"column":null}},"56":{"start":{"line":103,"column":18},"end":{"line":103,"column":null}},"57":{"start":{"line":105,"column":2},"end":{"line":105,"column":null}},"58":{"start":{"line":106,"column":2},"end":{"line":106,"column":null}}},"fnMap":{"0":{"name":"applyCollisions","decl":{"start":{"line":24,"column":16},"end":{"line":24,"column":null}},"loc":{"start":{"line":27,"column":8},"end":{"line":37,"column":null}},"line":27},"1":{"name":"_resolvePair","decl":{"start":{"line":43,"column":9},"end":{"line":43,"column":22}},"loc":{"start":{"line":43,"column":68},"end":{"line":106,"column":null}},"line":43}},"branchMap":{"0":{"loc":{"start":{"line":37,"column":4},"end":{"line":37,"column":null}},"type":"if","locations":[{"start":{"line":37,"column":4},"end":{"line":37,"column":null}},{"start":{},"end":{}}],"line":37},"1":{"loc":{"start":{"line":47,"column":2},"end":{"line":47,"column":null}},"type":"if","locations":[{"start":{"line":47,"column":2},"end":{"line":47,"column":null}},{"start":{},"end":{}}],"line":47},"2":{"loc":{"start":{"line":50,"column":2},"end":{"line":50,"column":null}},"type":"if","locations":[{"start":{"line":50,"column":2},"end":{"line":50,"column":null}},{"start":{},"end":{}}],"line":50},"3":{"loc":{"start":{"line":58,"column":2},"end":{"line":58,"column":null}},"type":"if","locations":[{"start":{"line":58,"column":2},"end":{"line":58,"column":null}},{"start":{},"end":{}}],"line":58},"4":{"loc":{"start":{"line":58,"column":6},"end":{"line":58,"column":30}},"type":"binary-expr","locations":[{"start":{"line":58,"column":6},"end":{"line":58,"column":19}},{"start":{"line":58,"column":19},"end":{"line":58,"column":30}}],"line":58},"5":{"loc":{"start":{"line":62,"column":2},"end":{"line":79,"column":null}},"type":"if","locations":[{"start":{"line":62,"column":2},"end":{"line":79,"column":null}},{"start":{"line":72,"column":13},"end":{"line":79,"column":null}}],"line":62},"6":{"loc":{"start":{"line":62,"column":6},"end":{"line":62,"column":32}},"type":"binary-expr","locations":[{"start":{"line":62,"column":6},"end":{"line":62,"column":20}},{"start":{"line":62,"column":20},"end":{"line":62,"column":32}}],"line":62},"7":{"loc":{"start":{"line":72,"column":13},"end":{"line":79,"column":null
[...]
":19,"column":2},"end":{"line":19,"column":null}},"8":{"start":{"line":24,"column":2},"end":{"line":24,"column":null}},"9":{"start":{"line":29,"column":27},"end":{"line":29,"column":null}},"10":{"start":{"line":30,"column":27},"end":{"line":30,"column":null}},"11":{"start":{"line":31,"column":2},"end":{"line":36,"column":null}},"12":{"start":{"line":41,"column":27},"end":{"line":41,"column":null}},"13":{"start":{"line":42,"column":23},"end":{"line":42,"column":null}},"14":{"start":{"line":43,"column":13},"end":{"line":43,"column":null}},"15":{"start":{"line":44,"column":13},"end":{"line":44,"column":null}},"16":{"start":{"line":45,"column":13},"end":{"line":45,"column":null}},"17":{"start":{"line":46,"column":2},"end":{"line":50,"column":null}}},"fnMap":{"0":{"name":"yawPitchRollToQuat","decl":{"start":{"line":4,"column":16},"end":{"line":4,"column":35}},"loc":{"start":{"line":4,"column":83},"end":{"line":14,"column":null}},"line":4},"1":{"name":"yawPitchToQuat","decl":{"start":{"line":18,"column":16},"end":{"line":18,"column":31}},"loc":{"start":{"line":18,"column":65},"end":{"line":19,"column":null}},"line":18},"2":{"name":"applyEulerDelta","decl":{"start":{"line":23,"column":16},"end":{"line":23,"column":32}},"loc":{"start":{"line":23,"column":92},"end":{"line":24,"column":null}},"line":23},"3":{"name":"mulQuat","decl":{"start":{"line":28,"column":16},"end":{"line":28,"column":24}},"loc":{"start":{"line":28,"column":48},"end":{"line":36,"column":null}},"line":28},"4":{"name":"rotateByQuat","decl":{"start":{"line":40,"column":16},"end":{"line":40,"column":29}},"loc":{"start":{"line":40,"column":53},"end":{"line":50,"column":null}},"line":40}},"branchMap":{},"s":{"0":307,"1":307,"2":307,"3":307,"4":307,"5":307,"6":307,"7":283,"8":5,"9":287,"10":287,"11":287,"12":283,"13":283,"14":283,"15":283,"16":283,"17":283},"f":{"0":307,"1":283,"2":5,"3":287,"4":283},"b":{},"meta":{"lastBranch":0,"lastFunction":5,"lastStatement":18,"seen":{"f:4:16:4:35":0,"s:5:13:5:34":0,"s:5:41:5:62":1,"s:6:13:6:34":2,"s:6:41:6:62":3,"s:7:13:7:34":4,"s:7:41:7:62":5,"s:9:2:14:Infinity":6,"f:18:16:18:31":1,"s:19:2:19:Infinity":7,"f:23:16:23:32":2,"s:24:2:24:Infinity":8,"f:28:16:28:24":3,"s:29:27:29:Infinity":9,"s:30:27:30:Infinity":10,"s:31:2:36:Infinity":11,"f:40:16:40:29":4,"s:41:27:41:Infinity":12,"s:42:23:42:Infinity":13,"s:43:13:43:Infinity":14,"s:44:13:44:Infinity":15,"s:45:13:45:Infinity":16,"s:46:2:50:Infinity":17}}}
,"/Users/alexandrebriere/Documents/Webgl/WebGlDemo/src/webgpu/engine/math/vec.ts": {"path":"/Users/alexandrebriere/Documents/Webgl/WebGlDemo/src/webgpu/engine/math/vec.ts","statementMap":{"0":{"start":{"line":1,"column":26},"end":{"line":1,"column":null}},"1":{"start":{"line":8,"column":2},"end":{"line":12,"column":null}},"2":{"start":{"line":16,"column":14},"end":{"line":16,"column":58}},"3":{"start":{"line":17,"column":2},"end":{"line":17,"column":null}},"4":{"start":{"line":22,"column":27},"end":{"line":22,"column":null}},"5":{"start":{"line":23,"column":31},"end":{"line":23,"column":null}},"6":{"start":{"line":24,"column":2},"end":{"line":24,"column":null}},"7":{"start":{"line":28,"column":27},"end":{"line":28,"column":null}},"8":{"start":{"line":29,"column":2},"end":{"line":29,"column":null}},"9":{"start":{"line":34,"column":2},"end":{"line":34,"column":null}},"10":{"start":{"line":38,"column":2},"end":{"line":39,"column":null}},"11":{"start":{"line":39,"column":4},"end":{"line":39,"column":null}},"12":{"start":{"line":41,"column":15},"end":{"line":41,"column":null}},"13":{"start":{"line":42,"column":2},"end":{"line":43,"column":null}},"14":{"start":{"line":42,"column":15},"end":{"line":42,"column":18}},"15":{"start":{"line":43,"column":4},"end":{"line":43,"column":null}},"16":{"start":{"line":45,"column":2},"end":{"line":45,"column":null}},"17":{"start":{"line":49,"column":24},"end":{"line":49,"column":26}},"18":{"start":{"line":50,"column":2},"end":{"line":51,"column":null}},"19":{"start":{"line":50,"column":15},"end":{"line":50,"column":18}},"20":{"start":{"line":51,"column":4},"end":{"line":51,"column":null}},"21":{"start":{"line":53,"column":2},"end":{"line":53,"column":null}},"22":{"start":{"line":57,"column":24},"end":{"line":57,"column":26}},"23":{"start":{"line":58,"column":2},"end":{"line":59,"column":null}},"24":{"start":{"line":58,"column":15},"end":{"line":58,"column":18}},"25":{"start":{"line":59,"column":4},"end":{"line":59,"column":null}},"26":{"start":{"line":61,"column":2},"end":{"line":61,"column":null}},"27":{"start":{"line":65,"column":24},"end":{"line":65,"column":26}},"28":{"start":{"line":66,"column":2},"end":{"line":67,"column":null}},"29":{"start":{"line":66,"column":15},"end":{"line":66,"column":18}},"30":{"start":{"line":67,"column":4},"end":{"line":67,"column":null}},"31":{"start":{"line":69,"column":2},"end":{"line":69,"column":null}},"32":{"start":{"line":73,"column":12},"end":{"line":73,"column":null}},"33":{"start":{"line":74,"column":2},"end":{"line":75,"column":null}},"34":{"start":{"line":74,"column":15},"end":{"line":74,"column":18}},"35":{"start":{"line":75,"column":4},"end":{"line":75,"column":null}},"36":{"start":{"line":77,"column":2},"end":{"line":77,"column":null}},"37":{"start":{"line":82,"column":14},"end":{"line":82,"column":32}},"38":{"start":{"line":83,"column":15},"end":{"line":83,"column":32}},"39":{"start":{"line":84,"column":2},"end":{"line":84,"column":null}},"40":{"start":{"line":85,"column":13},"end":{"line":85,"column":36}},"41":{"start":{"line":86,"column":13},"end":{"line":86,"column":36}},"42":{"start":{"line":88,"column":16},"end":{"line":88,"column":null}},"43":{"start":{"line":89,"column":2},"end":{"line":89,"column":null}},"44":{"start":{"line":90,"column":2},"end":{"line":90,"column":null}},"45":{"start":{"line":91,"column":10},"end":{"line":91,"column":34}},"46":{"start":{"line":93,"column":2},"end":{"line":93,"column":null}},"47":{"start":{"line":94,"column":2},"end":{"line":94,"column":null}},"48":{"start":{"line":99,"column":13},"end":{"line":99,"column":null}},"49":{"start":{"line":100,"column":2},"end":{"line":101,"column":null}},"50":{"start":{"line":101,"column":4},"end":{"line":101,"column":null}},"51":{"start":{"line":103,"column":14},"end":{"line":103,"column":29}},"52":{"start":{"line":104,"column":2},"end":{"line":104,"column":null}}},"fnMap":{"0":{"name":"cross3","decl":{"start":{"line":7,"column":16},"end":{"line":7,"column":23}},"loc":{"start":{"line":7,"column":59},"end":{"line":12,"column":null}},"line":7},"1":{"name":"norm3","decl":{"start":{"line":15,"column":16},"end":{"line":15,"column":22}},"loc":{"start":{"line":15,"column":41},"end":{"line":17,"column":null}},"line":15},"2":{"name":"forward","decl":{"start":{"line":21,"column":16},"end":{"line":21,"column":24}},"loc":{"start":{"line":21,"column":54},"end":{"line":24,"column":null}},"line":21},"3":{"name":"right","decl":{"start":{"line":27,"column":16},"end":{"line":27,"column":22}},"loc":{"start":{"line":27,"column":39},"end":{"line":29,"column":null}},"line":27},"4":{"name":"up","decl":{"start":{"line":33,"column":16},"end":{"line":33,"column":19}},"loc":{"start":{"line":33,"column":59},"end":{"line":34,"column":null}},"line":33},"5":{"name":"dot","decl":{"start":{"line":37,"column":16},"end":{"line":37,"column":20}},"loc":{"start":{"line":37,"column":54},"end":{"line":45,"column":null}},"line":37},"6":{"name":"addVec","decl":{"start":{"line":48,"column":16},"end":{"line":48,"column":23}},"loc":{"start":{"line":48,"column":59},"end":{"line":53,"column":null}},"line":48},"7":{"name":"subVec","decl":{"start":{"line":56,"column":16},"end":{"line":56,"column":23}},"loc":{"start":{"line":56,"column":59},"end":{"line":61,"column":null}},"line":56},"8":{"name":"scaleVec","decl":{"start":{"line":64,"column":16},"end":{"line":64,"column":25}},"loc":{"start":{"line":64,"column":59},"end":{"line":69,"column":null}},"line":64},"9":{"name":"lenSq","decl":{"start":{"line":72,"column":16},"end":{"line":72,"column":22}},"loc":{"start":{"line":72,"column":43},"end":{"line":77,"column":null}},"line":72},"10":{"name":"fastInvSqrt","decl":{"start":{"line":81,"column":9},"end":{"line":81,"column":21}},"loc":{"start":{"line":81,"column":40},"end":{"line":94,"column":null}},"line":81},"11":{"name":"safeNorm3","decl":{"start":{"line":98,"column":16},"end":{"line":98,"column":26}},"loc":{"start":{"line":98,"column":41},"end":{"line":104,"column":null}},"line":98}},"branchMap":{"0":{"loc":{"start":{"line":17,"column":9},"end":{"line":17,"column":null}},"type":"cond-expr","locations":[{"start":{"line":17,"column":19},"end":{"line":17,"column":58}},{"start":{"line":17,"column":58},"end":{"line":17,"column":null}}],"line":17},"1":{"loc":{"start":{"line":38,"column":2},"end":{"line":39,"column":null}},"type":"if","locations":[{"start":{"line":38,"column":2},"end":{"line":39,"column":null}},{"start":{},"end":{}}],"line":38},"2":{"loc":{"start":{"line":88,"column":43},"end":{"line":88,"column":null}},"type":"cond-expr","locations":[{"start":{"line":88,"column":55},"end":{"line":88,"column":59}},{"start":{"line":88,"column":59},"end":{"line":88,"column":null}}],"line":88},"3":{"loc":{"start":{"line":100,"column":2},"end":{"line":101,"column":null}},"type":"if","locations":[{"start":{"line":100,"column":2},"end":{"line":101,"column":null}},{"start":{},"end":{}}],"line":100}},"s":{"0":24,"1":206,"2":204,"3":204,"4":0,"5":0,"6":0,"7":0,"8":0,"9":0,"10":2208,"11":2,"12":2206,"13":2206,"14":2206,"15":6615,"16":2206,"17":6,"18":6,"19":6,"20":14,"21":6,"22":4,"23":4,"24":4,"25":9,"26":4,"27":5,"28":5,"29":5,"30":12,"31":5,"32":5,"33":5,"34":5,"35":11,"36":5,"37":30,"38":30,"39":30,"40":30,"41":30,"42":30,"43":30,"44":30,"45":30,"46":30,"47":30,"48":45,"49":45,"50":15,"51":30,"52":30},"f":{"0":206,"1":204,"2":0,"3":0,"4":0,"5":2208,"6":6,"7":4,"8":5,"9":5,"10":30,"11":45},"b":{"0":[147,57],"1":[2,2206],"2":[0,30],"3":[15,30]},"meta":{"lastBranch":4,"lastFunction":12,"lastStatement":53,"seen":{"s:1:26:1:Infinity":0,"f:7:16:7:23":0,"s:8:2:12:Infinity":1,"f:15:16:15:22":1,"s:16:14:16:58":2,"s:17:2:17:Infinity":3,"b:17:19:17:58:17:58:17:Infinity":0,"f:21:16:21:24":2,"s:22:27:22:Infinity":4,"s:23:31:23:Infinity":5,"s:24:2:24:Infinity":6,"f:27:16:27:22":3,"s:28:27:28:Infinity":7,"s:29:2:29:Infinity":8,"f:33:16:33:19":4,"s:34:2:34:Infinity":9,"f:37:16:37:20":5,"b:38:2:39:Infinity:undefined:undefined:undefined:undefined":1,"s:38:2:39:Infinity":10,"s:39:4:39:Infinity":11,"s:41:15:41:Infinity":12,"s:42:2:43:Infinity":13,"s:42:15:42:18":14,"s:43:4:43:Infinity":15,"s:45:2:45:Infinity":16,"f:48:16:48:23":6,"s:49:24:49:26":17,"s:50:2:51:Infinity":18,"s:50:15:50:18":19,"s:51:4:51:Infinity":20,"s:53:2:53:Infinity":21,"f:56:16:56:23":7,"s:57:24:57:26":22,"s:58:2:59:Infinity":23,"s:58:15:58:18":24,"s:59:4:59:Infinity":25,"s:61:2:61:Infinity":26,"f:64:16:64:25":8,"s:65:24:65:26":27,"s:66:2:67:Infinity":28,"s:66:15:66:18":29,"s:67:4:67:Infinity":30,"s:69:2:69:Infinity":31,"f:72:16:72:22":9,"s:73:12:73:Infinity":32,"s:74:2:75:Infinity":33,"s:74:15:74:18":34,"s:75:4:75:Infinity":35,"s:77:2:77:Infinity":36,"f:81:9:81:21":10,"s:82:14:82:32":37,"s:83:15:83:32":38,"s:84:2:84:Infinity":39,"s:85:13:85:36":40,"s:86:13:86:36":41,"s:88:16:88:Infinity":42,"b:88:55:88:59:88:59:88:Infinity":2,"s:89:2:89:Infinity":43,"s:90:2:90:Infinity":44,"s:91:10:91:34":45,"s:93:2:93:Infinity":46,"s:94:2:94:Infinity":47,"f:98:16:98:26":11,"s:99:13:99:Infinity":48,"b:100:2:101:Infinity:undefined:undefined:undefined:undefined":3,"s:100:2:101:Infinity":49,"s:101:4:101:Infinity":50,"s:103:14:103:29":51,"s:104:2:104:Infinity":52}}}
,"/Users/alexandrebriere/Documents/Webgl/WebGlDemo/src/webgpu/engine/shaders/common.ts": {"path":"/Users/alexandrebriere/Documents/Webgl/WebGlDemo/src/webgpu/engine/shaders/common.ts","statementMap":{"0":{"start":{"line":1,"column":32},"end":{"line":1,"column":null}}},"fnMap":{},"branchMap":{},"s":{"0":4},"f":{},"b":{},"meta":{"lastBranch":0,"lastFunction":0,"lastStatement":1,"seen":{"s:1:32:1:Infinity":0}}}
,"/Users/alexandrebriere/Documents/Webgl/WebGlDemo/src/webgpu/engine/shaders/mesh.ts": {"path":"/Users/alexandrebriere/Documents/Webgl/WebGlDemo/src/webgpu/engine/shaders/mesh.ts","statementMap":{"0":{"start":{"line":1,"column":30},"end":{"line":1,"column":null}}},"fnMap":{},"branchMap":{},"s":{"0":2},"f":{},"b":{},"meta":{"lastBranch":0,"lastFunction":0,"lastStatement":1,"seen":{"s:1:30:1:Infinity":0}}}
,"/Users/alexandrebriere/Documents/Webgl/WebGlDemo/src/webgpu/engine/shaders/quad2d.ts": {"path":"/Users/alexandrebriere/Documents/Webgl/WebGlDemo/src/webgpu/engine/shaders/quad2d.ts","statementMap":{"0":{"start":{"line":1,"column":32},"end":{"line":1,"column":null}}},"fnMap":{},"branchMap":{},"s":{"0":1},"f":{},"b":{},"meta":{"lastBranch":0,"lastFunction":0,"lastStatement":1,"seen":{"s:1:32:1:Infinity":0}}}
,"/Users/alexandrebriere/Documents/Webgl/WebGlDemo/src/webgpu/engine/shaders/quad3d.ts": {"path":"/Users/alexandrebriere/Documents/Webgl/WebGlDemo/src/webgpu/engine/shaders/quad3d.ts","statementMap":{"0":{"start":{"line":1,"column":32},"end":{"line":1,"column":null}}},"fnMap":{},"branchMap":{},"s":{"0":1},"f":{},"b":{},"meta":{"lastBranch":0,"lastFunction":0,"lastStatement":1,"seen":{"s:1:32:1:Infinity":0}}}
,"/Users/alexandrebriere/Documents/Webgl/WebGlDemo/src/webgpu/engine/tests/buffers/mockDevice.ts": {"path":"/Users/alexandrebriere/Documents/Webgl/WebGlDemo/src/webgpu/engine/tests/buffers/mockDevice.ts","statementMap":{"0":{"start":{"line":20,"column":22},"end":{"line":20,"column":29}},"1":{"start":{"line":22,"column":23},"end":{"line":29,"column":null}},"2":{"start":{"line":23,"column":31},"end":{"line":27,"column":null}},"3":{"start":{"line":28,"column":4},"end":{"line":28,"column":null}},"4":{"start":{"line":31,"column":2},"end":{"line":35,"column":null}}},"fnMap":{"0":{"name":"makeMockDevice","decl":{"start":{"line":19,"column":16},"end":{"line":19,"column":31}},"loc":{"start":{"line":19,"column":63},"end":{"line":35,"column":null}},"line":19},"1":{"name":"(anonymous_1)","decl":{"start":{"line":22,"column":26},"end":{"line":22,"column":30}},"loc":{"start":{"line":22,"column":78},"end":{"line":29,"column":null}},"line":22}},"branchMap":{"0":{"loc":{"start":{"line":19,"column":31},"end":{"line":19,"column":63}},"type":"default-arg","locations":[{"start":{"line":19,"column":43},"end":{"line":19,"column":63}}],"line":19}},"s":{"0":154,"1":154,"2":161,"3":161,"4":154},"f":{"0":154,"1":161},"b":{"0":[154]},"meta":{"lastBranch":1,"lastFunction":2,"lastStatement":5,"seen":{"f:19:16:19:31":0,"b:19:43:19:63":0,"s:20:22:20:29":0,"s:22:23:29:Infinity":1,"f:22:26:22:30":1,"s:23:31:27:Infinity":2,"s:28:4:28:Infinity":3,"s:31:2:35:Infinity":4}}}
,"/Users/alexandrebriere/Documents/Webgl/WebGlDemo/src/webgpu/engine/tests/physics/mockGameObject.ts": {"path":"/Users/alexandrebriere/Documents/Webgl/WebGlDemo/src/webgpu/engine/tests/physics/mockGameObject.ts","statementMap":{"0":{"start":{"line":10,"column":14},"end":{"line":38,"column":null}},"1":{"start":{"line":20,"column":6},"end":{"line":20,"column":null}},"2":{"start":{"line":21,"column":6},"end":{"line":21,"column":null}},"3":{"start":{"line":25,"column":6},"end":{"line":25,"column":null}},"4":{"start":{"line":26,"column":6},"end":{"line":26,"column":null}},"5":{"start":{"line":29,"column":34},"end":{"line":29,"column":null}},"6":{"start":{"line":30,"column":40},"end":{"line":30,"column":null}},"7":{"start":{"line":31,"column":44},"end":{"line":31,"column":null}},"8":{"start":{"line":36,"column":26},"end":{"line":36,"column":null}},"9":{"start":{"line":39,"column":2},"end":{"line":39,"column":null}}},"fnMap":{"0":{"name":"makeMockGameObject","decl":{"start":{"line":9,"column":16},"end":{"line":9,"column":35}},"loc":{"start":{"line":9,"column":100},"end":{"line":39,"column":null}},"line":9},"1":{"name":"(anonymous_1)","decl":{"start":{"line":19,"column":4},"end":{"line":19,"column":26}},"loc":{"start":{"line":19,"column":26},"end":{"line":21,"column":null}},"line":19},"2":{"name":"(anonymous_2)","decl":{"start":{"line":24,"column":4},"end":{"line":24,"column":28}},"loc":{"start":{"line":24,"column":28},"end":{"line":26,"column":null}},"line":24},"3":{"name":"(anonymous_3)","decl":{"start":{"line":29,"column":4},"end":{"line":29,"column":32}},"loc":{"start":{"line":29,"column":32},"end":{"line":29,"column":null}},"line":29},"4":{"name":"(anonymous_4)","decl":{"start":{"line":30,"column":4},"end":{"line":30,"column":16}},"loc":{"start":{"line":30,"column":38},"end":{"line":30,"column":null}},"line":30},"5":{"name":"(anonymous_5)","decl":{"start":{"line":31,"column":4},"end":{"line":31,"column":18}},"loc":{"start":{"line":31,"column":42},"end":{"line":31,"column":null}},"line":31},"6":{"name":"(anonymous_6)","decl":{"start":{"line":32,"column":4},"end":{"line":32,"column":24}},"loc":{"start":{"line":32,"column":24},"end":{"line":32,"column":null}},"line":32},"7":{"name":"(anonymous_7)","decl":{"start":{"line":33,"column":4},"end":{"line":33,"column":19}},"loc":{"start":{"line":33,"column":19},"end":{"line":33,"column":null}},"line":33},"8":{"name":"(anonymous_8)","decl":{"start":{"line":34,"column":4},"end":{"line":34,"column":21}},"loc":{"start":{"line":34,"column":21},"end":{"line":34,"column":null}},"line":34},"9":{"name":"(anonymous_9)","decl":{"start":{"line":35,"column":4},"end":{"line":35,"column":21}},"loc":{"start":{"line":35,"column":21},"end":{"line":35,"column":null}},"line":35},"10":{"name":"(anonymous_10)","decl":{"start":{"line":36,"column":4},"end":{"line":36,"column":24}},"loc":{"start":{"line":36,"column":24},"end":{"line":36,"column":null}},"line":36},"11":{"name":"(anonymous_11)","decl":{"start":{"line":37,"column":4},"end":{"line":37,"column":20}},"loc":{"start":{"line":37,"column":20},"end":{"line":37,"column":null}},"line":37}},"branchMap":{"0":{"loc":{"start":{"line":9,"column":59},"end":{"line":9,"column":100}},"type":"default-arg","locations":[{"start":{"line":9,"column":76},"end":{"line":9,"column":100}}],"line":9}},"s":{"0":36,"1":11,"2":11,"3":24,"4":24,"5":46,"6":0,"7":0,"8":0,"9":36},"f":{"0":36,"1":11,"2":24,"3":46,"4":0,"5":0,"6":0,"7":0,"8":0,"9":0,"10":0,"11":0},"b":{"0":[36]},"meta":{"lastBranch":1,"lastFunction":12,"lastStatement":10,"seen":{"f:9:16:9:35":0,"b:9:76:9:100":0,"s:10:14:38:Infinity":0,"f:19:4:19:26":1,"s:20:6:20:Infinity":1,"s:21:6:21:Infinity":2,"f:24:4:24:28":2,"s:25:6:25:Infinity":3,"s:26:6:26:Infinity":4,"f:29:4:29:32":3,"s:29:34:29:Infinity":5,"f:30:4:30:16":4,"s:30:40:30:Infinity":6,"f:31:4:31:18":5,"s:31:44:31:Infinity":7,"f:32:4:32:24":6,"f:33:4:33:19":7,"f:34:4:34:21":8,"f:35:4:35:21":9,"f:36:4:36:24":10,"s:36:26:36:Infinity":8,"f:37:4:37:20":11,"s:39:2:39:Infinity":9}}}
,"/Users/alexandrebriere/Documents/Webgl/WebGlDemo/src/webgpu/engine/tests/renderables/mockRenderableInitArgs.ts": {"path":"/Users/alexandrebriere/Documents/Webgl/WebGlDemo/src/webgpu/engine/tests/renderables/mockRenderableInitArgs.ts","statementMap":{"0":{"start":{"line":30,"column":8},"end":{"line":30,"column":31}},"1":{"start":{"line":32,"column":39},"end":{"line":37,"column":null}},"2":{"start":{"line":39,"column":36},"end":{"line":39,"column":null}},"3":{"start":{"line":40,"column":39},"end":{"line":40,"column":null}},"4":{"start":{"line":42,"column":39},"end":{"line":45,"column":null}},"5":{"start":{"line":47,"column":35},"end":{"line":54,"column":null}},"6":{"start":{"line":56,"column":2},"end":{"line":56,"column":null}}},"fnMap":{"0":{"name":"makeMockRenderableInitArgs","decl":{"start":{"line":29,"column":16},"end":{"line":29,"column":69}},"loc":{"start":{"line":29,"column":69},"end":{"line":56,"column":null}},"line":29}},"branchMap":{},"s":{"0":101,"1":101,"2":101,"3":101,"4":101,"5":101,"6":101},"f":{"0":101},"b":{},"meta":{"lastBranch":0,"lastFunction":1,"lastStatement":7,"seen":{"f:29:16:29:69":0,"s:30:8:30:31":0,"s:32:39:37:Infinity":1,"s:39:36:39:Infinity":2,"s:40:39:40:Infinity":3,"s:42:39:45:Infinity":4,"s:47:35:54:Infinity":5,"s:56:2:56:Infinity":6}}}
}
